Start Preprocessing
using cached model
using cached model
using cached model
Finish Preprocessing
Start Training
EPOCH: 0 | TIME: 2020-05-29 17:24:20.745150 
epoch 1 batch id 1 loss 0.7740209102630615 train acc 0.515625
epoch 1 batch id 201 loss 0.6796582341194153 train acc 0.5105721393034826
epoch 1 batch id 401 loss 0.6784638166427612 train acc 0.5192877182044888
epoch 1 batch id 601 loss 0.6275685429573059 train acc 0.5396994592346089
epoch 1 batch id 801 loss 0.5671041011810303 train acc 0.5780274656679151
epoch 1 batch id 1001 loss 0.47134292125701904 train acc 0.6153846153846154
epoch 1 batch id 1201 loss 0.4218263030052185 train acc 0.6459200666111574
epoch 1 batch id 1401 loss 0.5222342610359192 train acc 0.669287562455389
epoch 1 batch id 1601 loss 0.44102901220321655 train acc 0.6877049500312304
epoch 1 batch id 1801 loss 0.36874136328697205 train acc 0.7035587867851194
epoch 1 batch id 2001 loss 0.33390796184539795 train acc 0.7168837456271864
epoch 1 batch id 2201 loss 0.3812335729598999 train acc 0.7282840186278964
epoch 1 train acc 0.7356704173777019
epoch 1 test acc 0.8575367647058824
EPOCH: 1 | TIME: 2020-05-29 17:35:35.360975 
epoch 2 batch id 1 loss 0.43824997544288635 train acc 0.78125
epoch 2 batch id 201 loss 0.2930906116962433 train acc 0.8526119402985075
epoch 2 batch id 401 loss 0.36586830019950867 train acc 0.8553615960099751
epoch 2 batch id 601 loss 0.4146364629268646 train acc 0.8579450915141431
epoch 2 batch id 801 loss 0.3509255051612854 train acc 0.860272315855181
epoch 2 batch id 1001 loss 0.32321494817733765 train acc 0.8610608141858141
epoch 2 batch id 1201 loss 0.34174010157585144 train acc 0.8624323480432973
epoch 2 batch id 1401 loss 0.28569361567497253 train acc 0.8628546573875803
epoch 2 batch id 1601 loss 0.29676851630210876 train acc 0.863776545908807
epoch 2 batch id 1801 loss 0.23454877734184265 train acc 0.8651703914491949
epoch 2 batch id 2001 loss 0.328840970993042 train acc 0.8668556346826587
epoch 2 batch id 2201 loss 0.26357007026672363 train acc 0.8681778169014085
epoch 2 train acc 0.8691050732366326
epoch 2 test acc 0.8811540920716112
EPOCH: 2 | TIME: 2020-05-29 17:46:51.468838 
epoch 3 batch id 1 loss 0.4322379231452942 train acc 0.796875
epoch 3 batch id 201 loss 0.2188040316104889 train acc 0.8832400497512438
epoch 3 batch id 401 loss 0.32722172141075134 train acc 0.8844295511221946
epoch 3 batch id 601 loss 0.39609605073928833 train acc 0.887167221297837
epoch 3 batch id 801 loss 0.2689334452152252 train acc 0.8886352996254682
epoch 3 batch id 1001 loss 0.3252231478691101 train acc 0.8890952797202797
epoch 3 batch id 1201 loss 0.2464952915906906 train acc 0.8895451706910907
epoch 3 batch id 1401 loss 0.22892335057258606 train acc 0.8899781406138473
epoch 3 batch id 1601 loss 0.3477955460548401 train acc 0.8908299500312304
epoch 3 batch id 1801 loss 0.19407185912132263 train acc 0.8916747640199889
epoch 3 batch id 2001 loss 0.2978971004486084 train acc 0.8928504497751124
epoch 3 batch id 2201 loss 0.2591387629508972 train acc 0.8932374488868696
epoch 3 train acc 0.8942379479522184
epoch 3 test acc 0.8849704283887468
EPOCH: 3 | TIME: 2020-05-29 17:58:07.892192 
epoch 4 batch id 1 loss 0.44349202513694763 train acc 0.8125
epoch 4 batch id 201 loss 0.1639384925365448 train acc 0.9048507462686567
epoch 4 batch id 401 loss 0.21385270357131958 train acc 0.9072241271820449
epoch 4 batch id 601 loss 0.4085178077220917 train acc 0.9094737936772047
epoch 4 batch id 801 loss 0.2318108081817627 train acc 0.9100538389513109
epoch 4 batch id 1001 loss 0.2480560839176178 train acc 0.9099494255744256
epoch 4 batch id 1201 loss 0.2401171624660492 train acc 0.910634367194005
epoch 4 batch id 1401 loss 0.1596423089504242 train acc 0.9108226266952177
epoch 4 batch id 1601 loss 0.3066596984863281 train acc 0.9117153341661461
epoch 4 batch id 1801 loss 0.1497354954481125 train acc 0.9122709605774569
epoch 4 batch id 2001 loss 0.3113395571708679 train acc 0.9133167791104447
epoch 4 batch id 2201 loss 0.3331882357597351 train acc 0.9139524647887324
epoch 4 train acc 0.9148979664391355
epoch 4 test acc 0.8912044437340153
EPOCH: 4 | TIME: 2020-05-29 18:09:14.009032 
epoch 5 batch id 1 loss 0.42945361137390137 train acc 0.859375
epoch 5 batch id 201 loss 0.16751085221767426 train acc 0.919853855721393
epoch 5 batch id 401 loss 0.15586817264556885 train acc 0.925303927680798
epoch 5 batch id 601 loss 0.2571769654750824 train acc 0.9278026206322796
epoch 5 batch id 801 loss 0.19796714186668396 train acc 0.9289169787765293
epoch 5 batch id 1001 loss 0.30432096123695374 train acc 0.9289148351648352
epoch 5 batch id 1201 loss 0.2843012809753418 train acc 0.9293817651956703
epoch 5 batch id 1401 loss 0.09962336719036102 train acc 0.929548090649536
epoch 5 batch id 1601 loss 0.24593284726142883 train acc 0.9301315584009994
epoch 5 batch id 1801 loss 0.12886278331279755 train acc 0.9309758467518046
epoch 5 batch id 2001 loss 0.3052169680595398 train acc 0.9320105572213893
epoch 5 batch id 2201 loss 0.1425449401140213 train acc 0.9328998182644253
epoch 5 train acc 0.9333959933162685
epoch 5 test acc 0.8914042519181585
EPOCH: 5 | TIME: 2020-05-29 18:20:30.468999 
epoch 6 batch id 1 loss 0.4596485197544098 train acc 0.84375
epoch 6 batch id 201 loss 0.07427489012479782 train acc 0.9403762437810945
epoch 6 batch id 401 loss 0.11381623148918152 train acc 0.9427602867830424
epoch 6 batch id 601 loss 0.24887560307979584 train acc 0.9432716306156406
epoch 6 batch id 801 loss 0.18480005860328674 train acc 0.9442493757802747
epoch 6 batch id 1001 loss 0.0961691364645958 train acc 0.9446022727272727
epoch 6 batch id 1201 loss 0.16189530491828918 train acc 0.9450978351373855
epoch 6 batch id 1401 loss 0.10454492270946503 train acc 0.9447715917201999
epoch 6 batch id 1601 loss 0.14100298285484314 train acc 0.9450245940037476
epoch 6 batch id 1801 loss 0.1867913454771042 train acc 0.9453602165463632
epoch 6 batch id 2001 loss 0.18437057733535767 train acc 0.9462378185907047
epoch 6 batch id 2201 loss 0.09410260617733002 train acc 0.9465441844616084
epoch 6 train acc 0.9469056633959044
epoch 6 test acc 0.8837515984654731
EPOCH: 6 | TIME: 2020-05-29 18:34:17.207107 
epoch 7 batch id 1 loss 0.31033754348754883 train acc 0.875
epoch 7 batch id 201 loss 0.07489457726478577 train acc 0.9486162935323383
epoch 7 batch id 401 loss 0.10494418442249298 train acc 0.9518391521197007
epoch 7 batch id 601 loss 0.14600571990013123 train acc 0.9515391014975042
epoch 7 batch id 801 loss 0.1649402379989624 train acc 0.9517595193508115
epoch 7 batch id 1001 loss 0.1611649990081787 train acc 0.9518294205794205
epoch 7 batch id 1201 loss 0.12155546247959137 train acc 0.9526436303080766
epoch 7 batch id 1401 loss 0.08005960285663605 train acc 0.9523108493932905
epoch 7 batch id 1601 loss 0.13491344451904297 train acc 0.9524808713304185
epoch 7 batch id 1801 loss 0.10716262459754944 train acc 0.9528994308717379
epoch 7 batch id 2001 loss 0.18672993779182434 train acc 0.9535388555722139
epoch 7 batch id 2201 loss 0.17465075850486755 train acc 0.9536503293957292
epoch 7 train acc 0.9541959968714447
epoch 7 test acc 0.8870484335038363
EPOCH: 7 | TIME: 2020-05-29 18:48:03.273336 
epoch 8 batch id 1 loss 0.19483856856822968 train acc 0.96875
epoch 8 batch id 201 loss 0.07656682282686234 train acc 0.9529695273631841
epoch 8 batch id 401 loss 0.1001923605799675 train acc 0.9551901496259352
epoch 8 batch id 601 loss 0.21237310767173767 train acc 0.9566607737104825
epoch 8 batch id 801 loss 0.19531387090682983 train acc 0.9570068664169787
epoch 8 batch id 1001 loss 0.1222129836678505 train acc 0.9577141608391608
epoch 8 batch id 1201 loss 0.17129063606262207 train acc 0.957938696919234
epoch 8 batch id 1401 loss 0.039962295442819595 train acc 0.9580991256245539
epoch 8 batch id 1601 loss 0.093513622879982 train acc 0.9580047626483448
epoch 8 batch id 1801 loss 0.14514048397541046 train acc 0.9577318156579678
epoch 8 batch id 2001 loss 0.18201962113380432 train acc 0.9582942903548226
epoch 8 batch id 2201 loss 0.0307181254029274 train acc 0.958250511131304
epoch 8 train acc 0.9585022042093287
epoch 8 test acc 0.8735214194373402
EPOCH: 8 | TIME: 2020-05-29 18:59:20.405915 
epoch 9 batch id 1 loss 0.27449896931648254 train acc 0.90625
epoch 9 batch id 201 loss 0.09107948839664459 train acc 0.9602767412935324
epoch 9 batch id 401 loss 0.09796961396932602 train acc 0.9623986907730673
epoch 9 batch id 601 loss 0.18529638648033142 train acc 0.9603005407653911
epoch 9 batch id 801 loss 0.15246573090553284 train acc 0.9607326779026217
epoch 9 batch id 1001 loss 0.09140053391456604 train acc 0.9607892107892108
epoch 9 batch id 1201 loss 0.05383007228374481 train acc 0.9609570149875104
epoch 9 batch id 1401 loss 0.04717302322387695 train acc 0.9608761598857959
epoch 9 batch id 1601 loss 0.04874394088983536 train acc 0.9612742036227357
epoch 9 batch id 1801 loss 0.1145569458603859 train acc 0.9614363548028872
epoch 9 batch id 2001 loss 0.11288686096668243 train acc 0.9617144552723638
epoch 9 batch id 2201 loss 0.09233447164297104 train acc 0.961579963652885
epoch 9 train acc 0.9615907636518771
epoch 9 test acc 0.8853700447570333
EPOCH: 9 | TIME: 2020-05-29 19:10:37.549755 
epoch 10 batch id 1 loss 0.17601169645786285 train acc 0.96875
epoch 10 batch id 201 loss 0.0941229909658432 train acc 0.9647077114427861
epoch 10 batch id 401 loss 0.10018947720527649 train acc 0.9630221321695761
epoch 10 batch id 601 loss 0.1884525567293167 train acc 0.962640391014975
epoch 10 batch id 801 loss 0.08355411142110825 train acc 0.9631710362047441
epoch 10 batch id 1001 loss 0.14845138788223267 train acc 0.9632711038961039
epoch 10 batch id 1201 loss 0.04855240881443024 train acc 0.9632858034970858
epoch 10 batch id 1401 loss 0.06952674686908722 train acc 0.9630844039971449
epoch 10 batch id 1601 loss 0.11286531388759613 train acc 0.9627966895690193
epoch 10 batch id 1801 loss 0.060626767575740814 train acc 0.9624600916157691
epoch 10 batch id 2001 loss 0.07221885025501251 train acc 0.9625343578210894
epoch 10 batch id 2201 loss 0.22535258531570435 train acc 0.9623537596547024
epoch 10 train acc 0.9625839910409556
epoch 10 test acc 0.8881273976982097
EPOCH: 10 | TIME: 2020-05-29 19:24:24.060250 
epoch 11 batch id 1 loss 0.4604074954986572 train acc 0.890625
epoch 11 batch id 201 loss 0.14644454419612885 train acc 0.9655628109452736
epoch 11 batch id 401 loss 0.04996760934591293 train acc 0.9650872817955112
epoch 11 batch id 601 loss 0.2059851735830307 train acc 0.9646682612312812
epoch 11 batch id 801 loss 0.16322043538093567 train acc 0.9646535580524345
epoch 11 batch id 1001 loss 0.09294396638870239 train acc 0.964753996003996
epoch 11 batch id 1201 loss 0.03707800433039665 train acc 0.9650941923397169
epoch 11 batch id 1401 loss 0.06071706488728523 train acc 0.9648465381870093
epoch 11 batch id 1601 loss 0.02089942991733551 train acc 0.9652365708931917
epoch 11 batch id 1801 loss 0.1186254620552063 train acc 0.9653751388117713
epoch 11 batch id 2001 loss 0.11683275550603867 train acc 0.9656499875062469
epoch 11 batch id 2201 loss 0.08367273211479187 train acc 0.965974273057701
epoch 11 train acc 0.9661413893629124
epoch 11 test acc 0.8887068414322251
EPOCH: 11 | TIME: 2020-05-29 19:38:09.319090 
epoch 12 batch id 1 loss 0.2912552058696747 train acc 0.921875
epoch 12 batch id 201 loss 0.02775118313729763 train acc 0.9720926616915423
epoch 12 batch id 401 loss 0.03291139751672745 train acc 0.9711658354114713
epoch 12 batch id 601 loss 0.19002172350883484 train acc 0.9709598585690515
epoch 12 batch id 801 loss 0.06765075027942657 train acc 0.9707592072409488
epoch 12 batch id 1001 loss 0.07116379588842392 train acc 0.9706387362637363
epoch 12 batch id 1201 loss 0.019318923354148865 train acc 0.9704673189009159
epoch 12 batch id 1401 loss 0.12374933809041977 train acc 0.970188704496788
epoch 12 batch id 1601 loss 0.1616610586643219 train acc 0.9700968144909432
epoch 12 batch id 1801 loss 0.05146379768848419 train acc 0.9702075235980011
epoch 12 batch id 2001 loss 0.11942210793495178 train acc 0.9704210394802598
epoch 12 batch id 2201 loss 0.07197313755750656 train acc 0.9706525442980464
epoch 12 train acc 0.9707831164675768
epoch 12 test acc 0.8889066496163683
EPOCH: 12 | TIME: 2020-05-29 19:51:56.781397 
epoch 13 batch id 1 loss 0.11862166225910187 train acc 0.96875
epoch 13 batch id 201 loss 0.0266859270632267 train acc 0.9728700248756219
epoch 13 batch id 401 loss 0.030799781903624535 train acc 0.9735427057356608
epoch 13 batch id 601 loss 0.1417352706193924 train acc 0.9731437188019967
epoch 13 batch id 801 loss 0.07129285484552383 train acc 0.9736072097378277
epoch 13 batch id 1001 loss 0.056027114391326904 train acc 0.9740415834165834
epoch 13 batch id 1201 loss 0.08218653500080109 train acc 0.9739539966694422
epoch 13 batch id 1401 loss 0.10245835781097412 train acc 0.9738914168451106
epoch 13 batch id 1601 loss 0.004808846861124039 train acc 0.9738639912554653
epoch 13 batch id 1801 loss 0.02220998704433441 train acc 0.9740942531926707
epoch 13 batch id 2001 loss 0.07711180299520493 train acc 0.9743253373313343
epoch 13 batch id 2201 loss 0.07030589133501053 train acc 0.9743085529304861
epoch 13 train acc 0.9745271615472126
epoch 13 test acc 0.8884271099744245
EPOCH: 13 | TIME: 2020-05-29 20:03:12.721835 
epoch 14 batch id 1 loss 0.5197407603263855 train acc 0.875
epoch 14 batch id 201 loss 0.038673050701618195 train acc 0.9778451492537313
epoch 14 batch id 401 loss 0.052390195429325104 train acc 0.977906795511222
epoch 14 batch id 601 loss 0.17399199306964874 train acc 0.9774334442595674
epoch 14 batch id 801 loss 0.15031296014785767 train acc 0.9774890761548065
epoch 14 batch id 1001 loss 0.02749050036072731 train acc 0.9772571178821179
epoch 14 batch id 1201 loss 0.12549716234207153 train acc 0.9773886344712739
epoch 14 batch id 1401 loss 0.015258535742759705 train acc 0.9772037830121342
epoch 14 batch id 1601 loss 0.012125381268560886 train acc 0.9770260774515928
epoch 14 batch id 1801 loss 0.018308281898498535 train acc 0.9775124930594115
epoch 14 batch id 2001 loss 0.03747839853167534 train acc 0.9775346701649176
epoch 14 batch id 2201 loss 0.030182868242263794 train acc 0.977659302589732
epoch 14 train acc 0.9777557060580204
epoch 14 test acc 0.8850903132992327
EPOCH: 14 | TIME: 2020-05-29 20:14:29.638912 
epoch 15 batch id 1 loss 0.44113439321517944 train acc 0.890625
epoch 15 batch id 201 loss 0.11444275081157684 train acc 0.9797885572139303
epoch 15 batch id 401 loss 0.03333856165409088 train acc 0.979036783042394
epoch 15 batch id 601 loss 0.2900693714618683 train acc 0.979539309484193
epoch 15 batch id 801 loss 0.03875860571861267 train acc 0.979732365792759
epoch 15 batch id 1001 loss 0.11367490887641907 train acc 0.9794892607392608
epoch 15 batch id 1201 loss 0.12736213207244873 train acc 0.9793401332223147
epoch 15 batch id 1401 loss 0.015604394488036633 train acc 0.9794008743754461
epoch 15 batch id 1601 loss 0.07167183607816696 train acc 0.9790853372891942
epoch 15 batch id 1801 loss 0.06520676612854004 train acc 0.9794211549139367
epoch 15 batch id 2001 loss 0.030033214017748833 train acc 0.9795258620689655
epoch 15 batch id 2201 loss 0.06255017220973969 train acc 0.9795760449795547
epoch 15 train acc 0.9796755012798635
epoch 15 test acc 0.8899056905370843
EPOCH: 15 | TIME: 2020-05-29 20:28:15.618779 
epoch 16 batch id 1 loss 0.32712602615356445 train acc 0.9375
epoch 16 batch id 201 loss 0.060046128928661346 train acc 0.9792444029850746
epoch 16 batch id 401 loss 0.11040070652961731 train acc 0.9802447007481296
epoch 16 batch id 601 loss 0.1443459540605545 train acc 0.9803712562396006
epoch 16 batch id 801 loss 0.007444641552865505 train acc 0.9808442571785269
epoch 16 batch id 1001 loss 0.0452047623693943 train acc 0.980659965034965
epoch 16 batch id 1201 loss 0.06022077053785324 train acc 0.9807972522897586
epoch 16 batch id 1401 loss 0.09103904664516449 train acc 0.9805049964311207
epoch 16 batch id 1601 loss 0.07531197369098663 train acc 0.980539506558401
epoch 16 batch id 1801 loss 0.007416559383273125 train acc 0.9809307329261522
epoch 16 batch id 2001 loss 0.05450170859694481 train acc 0.9811266241879061
epoch 16 batch id 2201 loss 0.059825506061315536 train acc 0.9811165379373012
epoch 16 train acc 0.9811153476962458
epoch 16 test acc 0.890505115089514
EPOCH: 16 | TIME: 2020-05-29 20:42:01.428553 
epoch 17 batch id 1 loss 0.16190432012081146 train acc 0.9375
epoch 17 batch id 201 loss 0.04429331794381142 train acc 0.9818874378109452
epoch 17 batch id 401 loss 0.13164851069450378 train acc 0.9826215710723192
epoch 17 batch id 601 loss 0.11903649568557739 train acc 0.9829710898502496
epoch 17 batch id 801 loss 0.019448652863502502 train acc 0.9829119850187266
epoch 17 batch id 1001 loss 0.0021941959857940674 train acc 0.9828296703296703
epoch 17 batch id 1201 loss 0.06290999054908752 train acc 0.9826056411323897
epoch 17 batch id 1401 loss 0.017167754471302032 train acc 0.9825571020699501
epoch 17 batch id 1601 loss 0.003049643710255623 train acc 0.9825694878201124
epoch 17 batch id 1801 loss 0.05310419946908951 train acc 0.9827005830094392
epoch 17 batch id 2001 loss 0.14945979416370392 train acc 0.982696151924038
epoch 17 batch id 2201 loss 0.0610923208296299 train acc 0.9825292480690595
epoch 17 train acc 0.9826196316837315
epoch 17 test acc 0.8906050191815856
EPOCH: 17 | TIME: 2020-05-29 20:55:46.500953 
epoch 18 batch id 1 loss 0.07242368161678314 train acc 0.984375
epoch 18 batch id 201 loss 0.021105961874127388 train acc 0.9838308457711443
epoch 18 batch id 401 loss 0.021288219839334488 train acc 0.9842970698254364
epoch 18 batch id 601 loss 0.18291962146759033 train acc 0.9836210482529119
epoch 18 batch id 801 loss 0.0774940550327301 train acc 0.9832240948813983
epoch 18 batch id 1001 loss 0.017573654651641846 train acc 0.9831106393606394
epoch 18 batch id 1201 loss 0.01479689683765173 train acc 0.9831780807660283
epoch 18 batch id 1401 loss 0.10628556460142136 train acc 0.9830255174875089
epoch 18 batch id 1601 loss 0.008097591809928417 train acc 0.9831062617114303
epoch 18 batch id 1801 loss 0.03853044658899307 train acc 0.9833165602443087
epoch 18 batch id 2001 loss 0.04508539289236069 train acc 0.9833833083458271
epoch 18 batch id 2201 loss 0.1585540771484375 train acc 0.9834166288050886
epoch 18 train acc 0.9835617534129693
epoch 18 test acc 0.8919437340153452
EPOCH: 18 | TIME: 2020-05-29 21:09:30.151759 
epoch 19 batch id 1 loss 0.1314328908920288 train acc 0.96875
epoch 19 batch id 201 loss 0.035090286284685135 train acc 0.9867070895522388
epoch 19 batch id 401 loss 0.015346143394708633 train acc 0.986089463840399
epoch 19 batch id 601 loss 0.15556815266609192 train acc 0.9854149334442596
epoch 19 batch id 801 loss 0.010667683556675911 train acc 0.9855063982521848
epoch 19 batch id 1001 loss 0.007402421906590462 train acc 0.9854832667332667
epoch 19 batch id 1201 loss 0.013074353337287903 train acc 0.985298709408826
epoch 19 batch id 1401 loss 0.014713450334966183 train acc 0.9848657209136331
epoch 19 batch id 1601 loss 0.02243020385503769 train acc 0.9848239381636478
epoch 19 batch id 1801 loss 0.04739871993660927 train acc 0.9847914353137146
epoch 19 batch id 2001 loss 0.11430706083774567 train acc 0.9849606446776612
epoch 19 batch id 2201 loss 0.09018640965223312 train acc 0.9848790322580645
epoch 19 train acc 0.984932718287827
epoch 19 test acc 0.891923753196931
EPOCH: 19 | TIME: 2020-05-29 21:20:46.052955 
epoch 20 batch id 1 loss 0.1014983206987381 train acc 0.984375
epoch 20 batch id 201 loss 0.052925970405340195 train acc 0.9866293532338308
epoch 20 batch id 401 loss 0.0189948920160532 train acc 0.9861284289276808
epoch 20 batch id 601 loss 0.1270148903131485 train acc 0.9860388935108153
epoch 20 batch id 801 loss 0.153203085064888 train acc 0.9860135767790262
epoch 20 batch id 1001 loss 0.0047731343656778336 train acc 0.986294955044955
epoch 20 batch id 1201 loss 0.011259302496910095 train acc 0.9862744587843464
epoch 20 batch id 1401 loss 0.012034495361149311 train acc 0.9863044254104212
epoch 20 batch id 1601 loss 0.09183593094348907 train acc 0.9864049812617114
epoch 20 batch id 1801 loss 0.06218065321445465 train acc 0.986457176568573
epoch 20 batch id 2001 loss 0.10501256585121155 train acc 0.9863427661169415
epoch 20 batch id 2201 loss 0.09404691308736801 train acc 0.9862420490686051
epoch 20 train acc 0.9862414675767918
epoch 20 test acc 0.8886468989769821
EPOCH: 20 | TIME: 2020-05-29 21:32:01.235915 
epoch 21 batch id 1 loss 0.20634624361991882 train acc 0.9375
epoch 21 batch id 201 loss 0.024331696331501007 train acc 0.9867070895522388
epoch 21 batch id 401 loss 0.014137805439531803 train acc 0.9869466957605985
epoch 21 batch id 601 loss 0.1168835386633873 train acc 0.986714850249584
epoch 21 batch id 801 loss 0.015651125460863113 train acc 0.9865402621722846
epoch 21 batch id 1001 loss 0.004322604276239872 train acc 0.986451048951049
epoch 21 batch id 1201 loss 0.016426565125584602 train acc 0.9866647585345545
epoch 21 batch id 1401 loss 0.012238578870892525 train acc 0.9865720913633119
epoch 21 batch id 1601 loss 0.012095388025045395 train acc 0.9865904122423486
epoch 21 batch id 1801 loss 0.049218978732824326 train acc 0.9867868545252637
epoch 21 batch id 2001 loss 0.09982521831989288 train acc 0.9865457896051975
epoch 21 batch id 2201 loss 0.04174851253628731 train acc 0.9865544070876874
epoch 21 train acc 0.9864747760238908
epoch 21 test acc 0.8918438299232737
EPOCH: 21 | TIME: 2020-05-29 21:42:49.996429 
epoch 22 batch id 1 loss 0.07422945648431778 train acc 0.96875
epoch 22 batch id 201 loss 0.07594611495733261 train acc 0.9876399253731343
epoch 22 batch id 401 loss 0.08059835433959961 train acc 0.9874532418952618
epoch 22 batch id 601 loss 0.1239609494805336 train acc 0.9876247920133111
epoch 22 batch id 801 loss 0.010073060169816017 train acc 0.9878277153558053
epoch 22 batch id 1001 loss 0.006198890507221222 train acc 0.9874812687312687
epoch 22 batch id 1201 loss 0.009882761165499687 train acc 0.9874973980016652
epoch 22 batch id 1401 loss 0.012333055026829243 train acc 0.987152034261242
epoch 22 batch id 1601 loss 0.0031165722757577896 train acc 0.9869905527795128
epoch 22 batch id 1801 loss 0.0030327104032039642 train acc 0.9870644780677401
epoch 22 batch id 2001 loss 0.11578063666820526 train acc 0.9871939030484758
epoch 22 batch id 2201 loss 0.02182542160153389 train acc 0.9871436278964107
epoch 22 train acc 0.9871547034982935
epoch 22 test acc 0.8921835038363172
EPOCH: 22 | TIME: 2020-05-29 21:56:37.211841 
epoch 23 batch id 1 loss 0.1082100048661232 train acc 0.96875
epoch 23 batch id 201 loss 0.04139131307601929 train acc 0.9884950248756219
epoch 23 batch id 401 loss 0.01936827413737774 train acc 0.9890508104738155
epoch 23 batch id 601 loss 0.13797470927238464 train acc 0.988196755407654
epoch 23 batch id 801 loss 0.017363786697387695 train acc 0.9879252496878901
epoch 23 batch id 1001 loss 0.011712690815329552 train acc 0.9878558941058941
epoch 23 batch id 1201 loss 0.008882785215973854 train acc 0.9874713780183181
epoch 23 batch id 1401 loss 0.019170481711626053 train acc 0.9874531584582441
epoch 23 batch id 1601 loss 0.04677581414580345 train acc 0.9875566052467208
epoch 23 batch id 1801 loss 0.10349676012992859 train acc 0.9877585369239311
epoch 23 batch id 2001 loss 0.1581040620803833 train acc 0.9876546101949025
epoch 23 batch id 2201 loss 0.025748495012521744 train acc 0.987825136301681
epoch 23 train acc 0.9877124217861205
epoch 23 test acc 0.8945612212276215
EPOCH: 23 | TIME: 2020-05-29 22:10:22.307542 
epoch 24 batch id 1 loss 0.05280626192688942 train acc 0.984375
epoch 24 batch id 201 loss 0.01951424777507782 train acc 0.9884172885572139
epoch 24 batch id 401 loss 0.017398497089743614 train acc 0.988193578553616
epoch 24 batch id 601 loss 0.13658735156059265 train acc 0.9881187603993344
epoch 24 batch id 801 loss 0.04742841422557831 train acc 0.9883739076154806
epoch 24 batch id 1001 loss 0.02502448670566082 train acc 0.9884022227772228
epoch 24 batch id 1201 loss 0.008365935645997524 train acc 0.9883040174854288
epoch 24 batch id 1401 loss 0.015750598162412643 train acc 0.9880888650963597
epoch 24 batch id 1601 loss 0.0014817193150520325 train acc 0.9880641005621487
epoch 24 batch id 1801 loss 0.002005144953727722 train acc 0.9882877568017768
epoch 24 batch id 2001 loss 0.10486685484647751 train acc 0.9884979385307346
epoch 24 batch id 2201 loss 0.02558506652712822 train acc 0.9885705361199455
epoch 24 train acc 0.9885878839590444
epoch 24 test acc 0.8920436381074168
EPOCH: 24 | TIME: 2020-05-29 22:21:36.972885 
epoch 25 batch id 1 loss 0.04671352729201317 train acc 0.984375
epoch 25 batch id 201 loss 0.020440150052309036 train acc 0.9897388059701493
epoch 25 batch id 401 loss 0.04351169615983963 train acc 0.9896352867830424
epoch 25 batch id 601 loss 0.12013009935617447 train acc 0.989158693843594
epoch 25 batch id 801 loss 0.11811879277229309 train acc 0.9888420724094882
epoch 25 batch id 1001 loss 0.005109721794724464 train acc 0.98873001998002
epoch 25 batch id 1201 loss 0.007963920943439007 train acc 0.9889675270607827
epoch 25 batch id 1401 loss 0.018433429300785065 train acc 0.9887468772305497
epoch 25 batch id 1601 loss 0.0026595909148454666 train acc 0.9886301530293566
epoch 25 batch id 1801 loss 0.0025533679872751236 train acc 0.9886868406440866
epoch 25 batch id 2001 loss 0.005525905638933182 train acc 0.9887165792103948
epoch 25 batch id 2201 loss 0.030856449156999588 train acc 0.9887906065424807
epoch 25 train acc 0.9888123044653014
epoch 25 test acc 0.8837915601023018
EPOCH: 25 | TIME: 2020-05-29 22:32:52.618250 
epoch 26 batch id 1 loss 0.16700506210327148 train acc 0.953125
epoch 26 batch id 201 loss 0.017919762060046196 train acc 0.990360696517413
epoch 26 batch id 401 loss 0.026618335396051407 train acc 0.9902976932668329
epoch 26 batch id 601 loss 0.1976330578327179 train acc 0.9897306572379367
epoch 26 batch id 801 loss 0.006139181554317474 train acc 0.9896418539325843
epoch 26 batch id 1001 loss 0.002761092036962509 train acc 0.9894636613386614
epoch 26 batch id 1201 loss 0.007779864594340324 train acc 0.9896310366361366
epoch 26 batch id 1401 loss 0.08719301223754883 train acc 0.9893045146324054
epoch 26 batch id 1601 loss 0.013464153744280338 train acc 0.9895182698313554
epoch 26 batch id 1801 loss 0.0016997084021568298 train acc 0.9895804414214325
epoch 26 batch id 2001 loss 0.12404006719589233 train acc 0.9897551224387806
epoch 26 batch id 2201 loss 0.04801695793867111 train acc 0.9896069968196275
epoch 26 train acc 0.9895922212741751
epoch 26 test acc 0.8921035805626598
EPOCH: 26 | TIME: 2020-05-29 22:44:08.188658 
epoch 27 batch id 1 loss 0.08955307304859161 train acc 0.984375
epoch 27 batch id 201 loss 0.023530958220362663 train acc 0.9908271144278606
epoch 27 batch id 401 loss 0.01753167249262333 train acc 0.9905704488778054
epoch 27 batch id 601 loss 0.1708623170852661 train acc 0.9900426372712147
epoch 27 batch id 801 loss 0.11411212384700775 train acc 0.9902855805243446
epoch 27 batch id 1001 loss 0.05902518332004547 train acc 0.9902285214785215
epoch 27 batch id 1201 loss 0.043410226702690125 train acc 0.9901644462947544
epoch 27 batch id 1401 loss 0.09502017498016357 train acc 0.9897506245538901
epoch 27 batch id 1601 loss 0.003296269103884697 train acc 0.9896549031855091
epoch 27 batch id 1801 loss 0.018491530790925026 train acc 0.9896671987784564
epoch 27 batch id 2001 loss 0.04565701633691788 train acc 0.9896223763118441
epoch 27 batch id 2201 loss 0.021931027993559837 train acc 0.9894792139936393
epoch 27 train acc 0.9894944539249146
epoch 27 test acc 0.8889266304347826
EPOCH: 27 | TIME: 2020-05-29 22:55:22.494666 
epoch 28 batch id 1 loss 0.1030641496181488 train acc 0.96875
epoch 28 batch id 201 loss 0.01655147783458233 train acc 0.9909825870646766
epoch 28 batch id 401 loss 0.02057293988764286 train acc 0.9913887157107232
epoch 28 batch id 601 loss 0.1381157636642456 train acc 0.9907185940099834
epoch 28 batch id 801 loss 0.006306157447397709 train acc 0.9905196629213483
epoch 28 batch id 1001 loss 0.001170329749584198 train acc 0.9905875374625375
epoch 28 batch id 1201 loss 0.11404791474342346 train acc 0.9903205661948377
epoch 28 batch id 1401 loss 0.12254302203655243 train acc 0.9902078872234118
epoch 28 batch id 1601 loss 0.0023418376222252846 train acc 0.9902209556527171
epoch 28 batch id 1801 loss 0.0015109479427337646 train acc 0.9903265546918378
epoch 28 batch id 2001 loss 0.0015361718833446503 train acc 0.9904735132433783
epoch 28 batch id 2201 loss 0.01770910806953907 train acc 0.9904943775556565
epoch 28 train acc 0.9904210217576792
epoch 28 test acc 0.8926031010230179
EPOCH: 28 | TIME: 2020-05-29 23:06:38.029075 
epoch 29 batch id 1 loss 0.05222800746560097 train acc 0.984375
epoch 29 batch id 201 loss 0.014491865411400795 train acc 0.9909048507462687
epoch 29 batch id 401 loss 0.013907097280025482 train acc 0.9910380299251871
epoch 29 batch id 601 loss 0.127316415309906 train acc 0.9916285357737105
epoch 29 batch id 801 loss 0.02589557133615017 train acc 0.9913194444444444
epoch 29 batch id 1001 loss 0.0026132650673389435 train acc 0.991087037962038
epoch 29 batch id 1201 loss 0.07376893609762192 train acc 0.9909320358034971
epoch 29 batch id 1401 loss 0.014913770370185375 train acc 0.9906205389007852
epoch 29 batch id 1601 loss 0.0020357705652713776 train acc 0.9905235009369144
epoch 29 batch id 1801 loss 0.07304101437330246 train acc 0.9905868267629095
epoch 29 batch id 2001 loss 0.004879745189100504 train acc 0.9905906421789106
epoch 29 batch id 2201 loss 0.029385000467300415 train acc 0.9905866651522035
epoch 29 train acc 0.990634332337884
epoch 29 test acc 0.893662084398977
EPOCH: 29 | TIME: 2020-05-29 23:17:52.789256 
epoch 30 batch id 1 loss 0.13194900751113892 train acc 0.96875
epoch 30 batch id 201 loss 0.08066467195749283 train acc 0.9917599502487562
epoch 30 batch id 401 loss 0.11962119489908218 train acc 0.9921680174563591
epoch 30 batch id 601 loss 0.11915339529514313 train acc 0.9915765391014975
epoch 30 batch id 801 loss 0.12881071865558624 train acc 0.99167056803995
epoch 30 batch id 1001 loss 0.0013802479952573776 train acc 0.9914616633366633
epoch 30 batch id 1201 loss 0.012339819222688675 train acc 0.9913223355537052
epoch 30 batch id 1401 loss 0.059235986322164536 train acc 0.9911670235546038
epoch 30 batch id 1601 loss 0.06068827956914902 train acc 0.9912457058088695
epoch 30 batch id 1801 loss 0.0024270378053188324 train acc 0.9913242642976124
epoch 30 batch id 2001 loss 0.0007188320159912109 train acc 0.9913246501749126
epoch 30 batch id 2201 loss 0.01375554222613573 train acc 0.9913604611540209
epoch 30 train acc 0.991392029294653
epoch 30 test acc 0.8903652493606138
EPOCH: 30 | TIME: 2020-05-29 23:29:07.837271 
epoch 31 batch id 1 loss 0.04191737249493599 train acc 0.984375
epoch 31 batch id 201 loss 0.08804689347743988 train acc 0.992148631840796
epoch 31 batch id 401 loss 0.020868251100182533 train acc 0.9923238778054863
epoch 31 batch id 601 loss 0.11284995824098587 train acc 0.9924084858569051
epoch 31 batch id 801 loss 0.0065686022862792015 train acc 0.9922947877652933
epoch 31 batch id 1001 loss 0.003164212219417095 train acc 0.992086038961039
epoch 31 batch id 1201 loss 0.007798236794769764 train acc 0.9918037052456287
epoch 31 batch id 1401 loss 0.12445580959320068 train acc 0.9915796752319772
epoch 31 batch id 1601 loss 0.0021073147654533386 train acc 0.9914506558401
epoch 31 batch id 1801 loss 0.022897381335496902 train acc 0.9914804275402554
epoch 31 batch id 2001 loss 0.005155942402780056 train acc 0.9915276736631684
epoch 31 batch id 2201 loss 0.05171648785471916 train acc 0.9915308382553385
epoch 31 train acc 0.9914609108361775
epoch 31 test acc 0.8905450767263428
EPOCH: 31 | TIME: 2020-05-29 23:40:21.887643 
epoch 32 batch id 1 loss 0.11568762362003326 train acc 0.96875
epoch 32 batch id 201 loss 0.03345245122909546 train acc 0.9917599502487562
epoch 32 batch id 401 loss 0.018085740506649017 train acc 0.9922459476309227
epoch 32 batch id 601 loss 0.15938198566436768 train acc 0.9919145174708819
epoch 32 batch id 801 loss 0.005095761269330978 train acc 0.9918851435705368
epoch 32 batch id 1001 loss 0.0010816007852554321 train acc 0.9918206793206793
epoch 32 batch id 1201 loss 0.012338364496827126 train acc 0.9915565154038302
epoch 32 batch id 1401 loss 0.0864604264497757 train acc 0.9912116345467523
epoch 32 batch id 1601 loss 0.06610240042209625 train acc 0.9914018582136165
epoch 32 batch id 1801 loss 0.0006951093673706055 train acc 0.9915932121043864
epoch 32 batch id 2001 loss 0.0008614249527454376 train acc 0.9916213768115942
epoch 32 batch id 2201 loss 0.017620842903852463 train acc 0.9915521353930031
epoch 32 train acc 0.9914875746587031
epoch 32 test acc 0.891863810741688
EPOCH: 32 | TIME: 2020-05-29 23:51:35.604590 
epoch 33 batch id 1 loss 0.18352484703063965 train acc 0.9375
epoch 33 batch id 201 loss 0.028173940256237984 train acc 0.9898942786069652
epoch 33 batch id 401 loss 0.01673712395131588 train acc 0.991622506234414
epoch 33 batch id 601 loss 0.12280260026454926 train acc 0.9915245424292846
epoch 33 batch id 801 loss 0.006885647773742676 train acc 0.9913779650436954
epoch 33 batch id 1001 loss 0.0015046261250972748 train acc 0.9916333666333667
epoch 33 batch id 1201 loss 0.007806999143213034 train acc 0.9915435054121565
epoch 33 batch id 1401 loss 0.012075217440724373 train acc 0.9913677730192719
epoch 33 batch id 1601 loss 0.0024635884910821915 train acc 0.9913335415365396
epoch 33 batch id 1801 loss 0.001113787293434143 train acc 0.9915498334258745
epoch 33 batch id 2001 loss 0.028867365792393684 train acc 0.9916135682158921
epoch 33 batch id 2201 loss 0.018637554720044136 train acc 0.9916160268059973
epoch 33 train acc 0.9915475682593856
epoch 33 test acc 0.8934023337595908
EPOCH: 33 | TIME: 2020-05-30 00:02:46.569638 
epoch 34 batch id 1 loss 0.08892599493265152 train acc 0.96875
epoch 34 batch id 201 loss 0.0353580005466938 train acc 0.9912935323383084
epoch 34 batch id 401 loss 0.08872853964567184 train acc 0.9922459476309227
epoch 34 batch id 601 loss 0.12295457720756531 train acc 0.9921485024958403
epoch 34 batch id 801 loss 0.006124765612185001 train acc 0.9921387328339576
epoch 34 batch id 1001 loss 0.001001611351966858 train acc 0.9919767732267732
epoch 34 batch id 1201 loss 0.011785345152020454 train acc 0.991790695253955
epoch 34 batch id 1401 loss 0.13744013011455536 train acc 0.9917135082084225
epoch 34 batch id 1601 loss 0.0009427182376384735 train acc 0.9916165677701436
epoch 34 batch id 1801 loss 0.0006389282643795013 train acc 0.9917580510827319
epoch 34 batch id 2001 loss 0.0010114014148712158 train acc 0.9918790604697652
epoch 34 batch id 2201 loss 0.02181040495634079 train acc 0.9918360972285325
epoch 34 train acc 0.991787542662116
epoch 34 test acc 0.8924632352941176
EPOCH: 34 | TIME: 2020-05-30 00:13:50.065613 
epoch 35 batch id 1 loss 0.09470686316490173 train acc 0.96875
epoch 35 batch id 201 loss 0.018095485866069794 train acc 0.992226368159204
epoch 35 batch id 401 loss 0.01703653112053871 train acc 0.9922459476309227
epoch 35 batch id 601 loss 0.18194350600242615 train acc 0.9923304908485857
epoch 35 batch id 801 loss 0.004791932180523872 train acc 0.9923728152309613
epoch 35 batch id 1001 loss 0.0012465398758649826 train acc 0.9925855394605395
epoch 35 batch id 1201 loss 0.06586968898773193 train acc 0.9927664446294754
epoch 35 batch id 1401 loss 0.007845422253012657 train acc 0.9925053533190579
epoch 35 batch id 1601 loss 0.06270337104797363 train acc 0.9923680512179888
epoch 35 batch id 1801 loss 0.0008041076362133026 train acc 0.9924868128817323
epoch 35 batch id 2001 loss 0.0008440054953098297 train acc 0.9924881309345327
epoch 35 batch id 2201 loss 0.01949804648756981 train acc 0.9925034075420264
epoch 35 train acc 0.9925274637372014
epoch 35 test acc 0.8914442135549873
EPOCH: 35 | TIME: 2020-05-30 00:25:01.096238 
epoch 36 batch id 1 loss 0.10257698595523834 train acc 0.984375
epoch 36 batch id 201 loss 0.02387484908103943 train acc 0.9919154228855721
epoch 36 batch id 401 loss 0.01226388942450285 train acc 0.9922069825436409
epoch 36 batch id 601 loss 0.12514322996139526 train acc 0.9923044925124792
epoch 36 batch id 801 loss 0.0043710144236683846 train acc 0.9925093632958801
epoch 36 batch id 1001 loss 0.000637006014585495 train acc 0.9925231018981019
epoch 36 batch id 1201 loss 0.011716081760823727 train acc 0.9923631348875936
epoch 36 batch id 1401 loss 0.00647031981498003 train acc 0.9923157566024269
epoch 36 batch id 1601 loss 0.001433011144399643 train acc 0.9924070893191755
epoch 36 batch id 1801 loss 0.0010127965360879898 train acc 0.9925648945030539
epoch 36 batch id 2001 loss 0.0023163966834545135 train acc 0.9925584082958521
epoch 36 batch id 2201 loss 0.018379220739006996 train acc 0.9926169922762381
epoch 36 train acc 0.9926074552047781
epoch 36 test acc 0.8927629475703325
EPOCH: 36 | TIME: 2020-05-30 00:36:10.274211 
epoch 37 batch id 1 loss 0.05844321846961975 train acc 0.984375
epoch 37 batch id 201 loss 0.032098736613988876 train acc 0.9924595771144279
epoch 37 batch id 401 loss 0.014244151301681995 train acc 0.9928304239401496
epoch 37 batch id 601 loss 0.1562778651714325 train acc 0.9926424708818635
epoch 37 batch id 801 loss 0.005870601162314415 train acc 0.992665418227216
epoch 37 batch id 1001 loss 0.00035816431045532227 train acc 0.9924762737262737
epoch 37 batch id 1201 loss 0.008722973987460136 train acc 0.9923371149042465
epoch 37 batch id 1401 loss 0.007622887846082449 train acc 0.9921596181299072
epoch 37 batch id 1601 loss 0.002635202370584011 train acc 0.9922899750156152
epoch 37 batch id 1801 loss 0.00035460665822029114 train acc 0.9924087312604108
epoch 37 batch id 2001 loss 0.0027664927765727043 train acc 0.9924022363818091
epoch 37 batch id 2201 loss 0.01929216831922531 train acc 0.9923188323489323
epoch 37 train acc 0.9922786013936291
epoch 37 test acc 0.8880474744245525
EPOCH: 37 | TIME: 2020-05-30 00:47:22.914517 
epoch 38 batch id 1 loss 0.08923579007387161 train acc 0.96875
epoch 38 batch id 201 loss 0.12964573502540588 train acc 0.9929259950248757
epoch 38 batch id 401 loss 0.01463857851922512 train acc 0.9931031795511222
epoch 38 batch id 601 loss 0.10846267640590668 train acc 0.992928452579035
epoch 38 batch id 801 loss 0.007975656539201736 train acc 0.9931140761548065
epoch 38 batch id 1001 loss 0.003346065990626812 train acc 0.9929913836163836
epoch 38 batch id 1201 loss 0.008430402725934982 train acc 0.9930396544546212
epoch 38 batch id 1401 loss 0.00927507970482111 train acc 0.9929514632405425
epoch 38 batch id 1601 loss 0.09448660910129547 train acc 0.9929536227357901
epoch 38 batch id 1801 loss 0.0005031600594520569 train acc 0.9930941143808995
epoch 38 batch id 2001 loss 0.0017718039453029633 train acc 0.9930347326336831
epoch 38 batch id 2201 loss 0.013378970324993134 train acc 0.9929790436165379
epoch 38 train acc 0.9929651948236632
epoch 38 test acc 0.8904052109974424
EPOCH: 38 | TIME: 2020-05-30 00:58:35.143280 
epoch 39 batch id 1 loss 0.14343754947185516 train acc 0.96875
epoch 39 batch id 201 loss 0.027754200622439384 train acc 0.9929259950248757
epoch 39 batch id 401 loss 0.010731348767876625 train acc 0.9934149002493765
epoch 39 batch id 601 loss 0.04147253558039665 train acc 0.9934744176372712
epoch 39 batch id 801 loss 0.08867083489894867 train acc 0.9932896379525593
epoch 39 batch id 1001 loss 0.0013471320271492004 train acc 0.9931786963036963
epoch 39 batch id 1201 loss 0.008902987465262413 train acc 0.9932998542880933
epoch 39 batch id 1401 loss 0.00945298746228218 train acc 0.9930518379728765
epoch 39 batch id 1601 loss 0.002419767901301384 train acc 0.9930414584634604
epoch 39 batch id 1801 loss 0.00042023882269859314 train acc 0.9930333842309828
epoch 39 batch id 2001 loss 0.0013721473515033722 train acc 0.9929956896551724
epoch 39 batch id 2201 loss 0.016688289120793343 train acc 0.9929435483870968
epoch 39 train acc 0.9929074232081911
epoch 39 test acc 0.8927229859335039
EPOCH: 39 | TIME: 2020-05-30 01:09:45.314535 
epoch 40 batch id 1 loss 0.044779278337955475 train acc 0.984375
epoch 40 batch id 201 loss 0.022520095109939575 train acc 0.9938588308457711
epoch 40 batch id 401 loss 0.011068044230341911 train acc 0.9932590399002493
epoch 40 batch id 601 loss 0.005272942595183849 train acc 0.9935004159733777
epoch 40 batch id 801 loss 0.0050025759264826775 train acc 0.9933871722846442
epoch 40 batch id 1001 loss 0.0011054184287786484 train acc 0.9935064935064936
epoch 40 batch id 1201 loss 0.008197269402444363 train acc 0.9934559741881765
epoch 40 batch id 1401 loss 0.012746641412377357 train acc 0.9931968236973591
epoch 40 batch id 1601 loss 0.0003678351640701294 train acc 0.9932854465958776
epoch 40 batch id 1801 loss 0.0005204789340496063 train acc 0.9933890893947807
epoch 40 batch id 2001 loss 0.0020027924329042435 train acc 0.9934954397801099
epoch 40 batch id 2201 loss 0.018328368663787842 train acc 0.9934830758746025
epoch 40 train acc 0.9934540315699659
epoch 40 test acc 0.8923433503836317
EPOCH: 40 | TIME: 2020-05-30 01:20:57.939314 
epoch 41 batch id 1 loss 0.05372333899140358 train acc 0.984375
epoch 41 batch id 201 loss 0.02023150771856308 train acc 0.9932369402985075
epoch 41 batch id 401 loss 0.04390246421098709 train acc 0.9941552369077307
epoch 41 batch id 601 loss 0.006093956530094147 train acc 0.993890391014975
epoch 41 batch id 801 loss 0.025214070454239845 train acc 0.9938358302122348
epoch 41 batch id 1001 loss 0.0010668598115444183 train acc 0.9939435564435565
epoch 41 batch id 1201 loss 0.008313123136758804 train acc 0.9939243338884263
epoch 41 batch id 1401 loss 0.057069189846515656 train acc 0.9937990720913633
epoch 41 batch id 1601 loss 0.001136457547545433 train acc 0.9936758276077452
epoch 41 batch id 1801 loss 0.0004219561815261841 train acc 0.9938575791227096
epoch 41 batch id 2001 loss 0.027221353724598885 train acc 0.9936984632683659
epoch 41 batch id 2201 loss 0.016197621822357178 train acc 0.9936250567923671
epoch 41 train acc 0.9936206804607508
epoch 41 test acc 0.8911245204603581
EPOCH: 41 | TIME: 2020-05-30 01:32:10.278505 
epoch 42 batch id 1 loss 0.04092935472726822 train acc 0.984375
epoch 42 batch id 201 loss 0.022868741303682327 train acc 0.9936256218905473
epoch 42 batch id 401 loss 0.011841172352433205 train acc 0.9932980049875312
epoch 42 batch id 601 loss 0.0013472102582454681 train acc 0.9933184276206323
epoch 42 batch id 801 loss 0.05592305585741997 train acc 0.993582240948814
epoch 42 batch id 1001 loss 0.000698162242770195 train acc 0.9937874625374625
epoch 42 batch id 1201 loss 0.008806592784821987 train acc 0.993703164029975
epoch 42 batch id 1401 loss 0.017462769523262978 train acc 0.9934979478943612
epoch 42 batch id 1601 loss 0.00036200881004333496 train acc 0.9935294347282948
epoch 42 batch id 1801 loss 0.0005107857286930084 train acc 0.9935279011660189
epoch 42 batch id 2001 loss 0.003031061962246895 train acc 0.9935266741629185
epoch 42 batch id 2201 loss 0.018650971353054047 train acc 0.9935256701499319
epoch 42 train acc 0.9935540209044369
epoch 42 test acc 0.8920636189258312
EPOCH: 42 | TIME: 2020-05-30 01:43:21.680039 
epoch 43 batch id 1 loss 0.04503081366419792 train acc 0.984375
epoch 43 batch id 201 loss 0.026691727340221405 train acc 0.9943252487562189
epoch 43 batch id 401 loss 0.010067332535982132 train acc 0.9946228179551122
epoch 43 batch id 601 loss 0.0005073212087154388 train acc 0.9944623544093179
epoch 43 batch id 801 loss 0.0054296404123306274 train acc 0.994440543071161
epoch 43 batch id 1001 loss 0.03874374181032181 train acc 0.9945835414585414
epoch 43 batch id 1201 loss 0.009744730778038502 train acc 0.9944057035803497
epoch 43 batch id 1401 loss 0.007383246906101704 train acc 0.9940109743040685
epoch 43 batch id 1601 loss 0.0005879290401935577 train acc 0.9940174109931293
epoch 43 batch id 1801 loss 0.0004022642970085144 train acc 0.9939963908939478
epoch 43 batch id 2001 loss 0.0011082328855991364 train acc 0.9939951899050474
epoch 43 batch id 2201 loss 0.017339568585157394 train acc 0.9940509995456611
epoch 43 train acc 0.9940273037542662
epoch 43 test acc 0.8928029092071611
EPOCH: 43 | TIME: 2020-05-30 01:54:32.367698 
epoch 44 batch id 1 loss 0.04293341562151909 train acc 0.984375
epoch 44 batch id 201 loss 0.02683587372303009 train acc 0.9933146766169154
epoch 44 batch id 401 loss 0.010277945548295975 train acc 0.9940383416458853
epoch 44 batch id 601 loss 0.052230872213840485 train acc 0.9943323627287853
epoch 44 batch id 801 loss 0.005826687440276146 train acc 0.9942259675405742
epoch 44 batch id 1001 loss 0.02572924830019474 train acc 0.9939747752247752
epoch 44 batch id 1201 loss 0.01057544257491827 train acc 0.9938853039134055
epoch 44 batch id 1401 loss 0.04229843243956566 train acc 0.9936875446109922
epoch 44 batch id 1601 loss 0.00044125691056251526 train acc 0.9938417395377889
epoch 44 batch id 1801 loss 0.0009024087339639664 train acc 0.9939009578012216
epoch 44 batch id 2001 loss 0.0007316619157791138 train acc 0.9939327211394303
epoch 44 batch id 2201 loss 0.044558290392160416 train acc 0.9939374148114494
epoch 44 train acc 0.993940646331058
epoch 44 test acc 0.8927229859335039
EPOCH: 44 | TIME: 2020-05-30 02:05:42.839634 
epoch 45 batch id 1 loss 0.04191729798913002 train acc 0.984375
epoch 45 batch id 201 loss 0.07001176476478577 train acc 0.9944807213930348
epoch 45 batch id 401 loss 0.011592156253755093 train acc 0.9941942019950125
epoch 45 batch id 601 loss 0.006186221726238728 train acc 0.994046381031614
epoch 45 batch id 801 loss 0.0035948697477579117 train acc 0.9940894194756554
epoch 45 batch id 1001 loss 0.0004582628607749939 train acc 0.9942245254745254
epoch 45 batch id 1201 loss 0.010075727477669716 train acc 0.99426259367194
epoch 45 batch id 1401 loss 0.011700786650180817 train acc 0.994066738044254
epoch 45 batch id 1601 loss 0.00045208632946014404 train acc 0.9940271705184259
epoch 45 batch id 1801 loss 0.04640227183699608 train acc 0.9941265269294837
epoch 45 batch id 2001 loss 0.0013085585087537766 train acc 0.9940420414792603
epoch 45 batch id 2201 loss 0.013024467043578625 train acc 0.9939658109950023
epoch 45 train acc 0.993907316552901
epoch 45 test acc 0.8940017583120204
EPOCH: 45 | TIME: 2020-05-30 02:16:55.747978 
epoch 46 batch id 1 loss 0.07118552178144455 train acc 0.96875
epoch 46 batch id 201 loss 0.022656278684735298 train acc 0.9947916666666666
epoch 46 batch id 401 loss 0.01577482372522354 train acc 0.9945448877805486
epoch 46 batch id 601 loss 0.00640251487493515 train acc 0.9945923460898503
epoch 46 batch id 801 loss 0.00537797249853611 train acc 0.994518570536829
epoch 46 batch id 1001 loss 0.00022970885038375854 train acc 0.9942557442557443
epoch 46 batch id 1201 loss 0.00833185762166977 train acc 0.9942495836802664
epoch 46 batch id 1401 loss 0.01192576065659523 train acc 0.9940890435403283
epoch 46 batch id 1601 loss 0.0004958733916282654 train acc 0.9939783728919426
epoch 46 batch id 1801 loss 0.04069754481315613 train acc 0.9940831482509717
epoch 46 batch id 2001 loss 0.053993482142686844 train acc 0.9941123188405797
epoch 46 batch id 2201 loss 0.01579652540385723 train acc 0.9940509995456611
epoch 46 train acc 0.9940672994880546
epoch 46 test acc 0.8933224104859335
EPOCH: 46 | TIME: 2020-05-30 02:28:08.399962 
epoch 47 batch id 1 loss 0.05250171199440956 train acc 0.984375
epoch 47 batch id 201 loss 0.018166329711675644 train acc 0.9943252487562189
epoch 47 batch id 401 loss 0.043875206261873245 train acc 0.994661783042394
epoch 47 batch id 601 loss 0.010827293619513512 train acc 0.9947483361064892
epoch 47 batch id 801 loss 0.004365196451544762 train acc 0.9947916666666666
epoch 47 batch id 1001 loss 0.0002930052578449249 train acc 0.9948176823176823
epoch 47 batch id 1201 loss 0.011155628599226475 train acc 0.9948480432972523
epoch 47 batch id 1401 loss 0.011064108461141586 train acc 0.9947470556745182
epoch 47 batch id 1601 loss 0.03112761676311493 train acc 0.9946712991880075
epoch 47 batch id 1801 loss 0.0003138445317745209 train acc 0.9946730982787341
epoch 47 batch id 2001 loss 0.0005145147442817688 train acc 0.9945964517741129
epoch 47 batch id 2201 loss 0.022341448813676834 train acc 0.9945834279872785
epoch 47 train acc 0.9944783667519909
epoch 47 test acc 0.8921435421994884
EPOCH: 47 | TIME: 2020-05-30 02:39:20.532816 
epoch 48 batch id 1 loss 0.043841443955898285 train acc 0.984375
epoch 48 batch id 201 loss 0.02910161390900612 train acc 0.9944029850746269
epoch 48 batch id 401 loss 0.01287934836000204 train acc 0.9947397132169576
epoch 48 batch id 601 loss 0.0008942596614360809 train acc 0.9946183444259568
epoch 48 batch id 801 loss 0.04496951401233673 train acc 0.99457709113608
epoch 48 batch id 1001 loss 0.09939732402563095 train acc 0.9945991508491508
epoch 48 batch id 1201 loss 0.009267384186387062 train acc 0.9946008534554538
epoch 48 batch id 1401 loss 0.011054294183850288 train acc 0.9944682369735903
epoch 48 batch id 1601 loss 0.0806373581290245 train acc 0.9945053872579638
epoch 48 batch id 1801 loss 0.0045387321151793 train acc 0.9944648806218768
epoch 48 batch id 2001 loss 0.016301551833748817 train acc 0.9943465767116442
epoch 48 batch id 2201 loss 0.022618379443883896 train acc 0.994263970922308
epoch 48 train acc 0.9943472696245734
epoch 48 test acc 0.8949608375959079
EPOCH: 48 | TIME: 2020-05-30 02:53:02.527397 
epoch 49 batch id 1 loss 0.049540456384420395 train acc 0.984375
epoch 49 batch id 201 loss 0.024449901655316353 train acc 0.9944807213930348
epoch 49 batch id 401 loss 0.011233770288527012 train acc 0.9947786783042394
epoch 49 batch id 601 loss 0.022436248138546944 train acc 0.9949043261231281
epoch 49 batch id 801 loss 0.004108884371817112 train acc 0.9951818039950062
epoch 49 batch id 1001 loss 0.0002485625445842743 train acc 0.9952703546453546
epoch 49 batch id 1201 loss 0.06300520896911621 train acc 0.9950692131557036
epoch 49 batch id 1401 loss 0.014313125051558018 train acc 0.994825124910778
epoch 49 batch id 1601 loss 0.0012519322335720062 train acc 0.9949055277951281
epoch 49 batch id 1801 loss 0.00022002682089805603 train acc 0.9950201277068296
epoch 49 batch id 2001 loss 0.10446737706661224 train acc 0.9949712643678161
epoch 49 batch id 2201 loss 0.01637856289744377 train acc 0.994874488868696
epoch 49 train acc 0.9948605482081911
epoch 49 test acc 0.8940617007672634
EPOCH: 49 | TIME: 2020-05-30 03:04:12.410330 
epoch 50 batch id 1 loss 0.046884700655937195 train acc 0.984375
epoch 50 batch id 201 loss 0.02332732081413269 train acc 0.9939365671641791
epoch 50 batch id 401 loss 0.009334597736597061 train acc 0.9945059226932669
epoch 50 batch id 601 loss 0.012325688265264034 train acc 0.9946963394342762
epoch 50 batch id 801 loss 0.00825572106987238 train acc 0.9948306803995006
epoch 50 batch id 1001 loss 0.00040673092007637024 train acc 0.9948957292707292
epoch 50 batch id 1201 loss 0.009688020683825016 train acc 0.9949130932556203
epoch 50 batch id 1401 loss 0.012146329507231712 train acc 0.9948697359029265
epoch 50 batch id 1601 loss 0.0010726284235715866 train acc 0.9948957682698314
epoch 50 batch id 1801 loss 0.054820869117975235 train acc 0.9949767490283176
epoch 50 batch id 2001 loss 0.001154102385044098 train acc 0.9949087956021989
epoch 50 batch id 2201 loss 0.02382984198629856 train acc 0.9948318945933666
epoch 50 train acc 0.9948205524744027
epoch 50 test acc 0.8943214514066496
EPOCH: 50 | TIME: 2020-05-30 03:15:23.274464 
epoch 51 batch id 1 loss 0.04552551731467247 train acc 0.984375
epoch 51 batch id 201 loss 0.02796764299273491 train acc 0.9954912935323383
epoch 51 batch id 401 loss 0.011534182354807854 train acc 0.9946228179551122
epoch 51 batch id 601 loss 0.008103549480438232 train acc 0.9945663477537438
epoch 51 batch id 801 loss 0.011099319905042648 train acc 0.9942649812734082
epoch 51 batch id 1001 loss 0.00031670182943344116 train acc 0.9943962287712288
epoch 51 batch id 1201 loss 0.011418400332331657 train acc 0.9944967735220649
epoch 51 batch id 1401 loss 0.010396666824817657 train acc 0.9942674875089222
epoch 51 batch id 1601 loss 0.00033164769411087036 train acc 0.9943199562773267
epoch 51 batch id 1801 loss 0.0018497221171855927 train acc 0.9943260688506386
epoch 51 batch id 2001 loss 0.12184250354766846 train acc 0.9943621939030485
epoch 51 batch id 2201 loss 0.015411168336868286 train acc 0.9943917537482962
epoch 51 train acc 0.9943606015358362
epoch 51 test acc 0.8933823529411765
EPOCH: 51 | TIME: 2020-05-30 03:26:34.475787 
epoch 52 batch id 1 loss 0.04392967000603676 train acc 0.984375
epoch 52 batch id 201 loss 0.017269877716898918 train acc 0.9951026119402985
epoch 52 batch id 401 loss 0.009965441189706326 train acc 0.9951293640897756
epoch 52 batch id 601 loss 0.08143891394138336 train acc 0.9949043261231281
epoch 52 batch id 801 loss 0.007101588882505894 train acc 0.9950842696629213
epoch 52 batch id 1001 loss 0.032462552189826965 train acc 0.9952079170829171
epoch 52 batch id 1201 loss 0.00897764042019844 train acc 0.9951342631140716
epoch 52 batch id 1401 loss 0.011911185458302498 train acc 0.9949031941470379
epoch 52 batch id 1601 loss 0.05988128110766411 train acc 0.9949250468457215
epoch 52 batch id 1801 loss 0.00037016719579696655 train acc 0.9950027762354248
epoch 52 batch id 2001 loss 0.0018610954284667969 train acc 0.994963455772114
epoch 52 batch id 2201 loss 0.0165252722799778 train acc 0.9949170831440255
epoch 52 train acc 0.9949338737201365
epoch 52 test acc 0.8948009910485933
EPOCH: 52 | TIME: 2020-05-30 03:37:46.499752 
epoch 53 batch id 1 loss 0.04151336848735809 train acc 0.984375
epoch 53 batch id 201 loss 0.04074850305914879 train acc 0.9954912935323383
epoch 53 batch id 401 loss 0.011887714266777039 train acc 0.9954021197007481
epoch 53 batch id 601 loss 0.0012371335178613663 train acc 0.995164309484193
epoch 53 batch id 801 loss 0.005883180536329746 train acc 0.995357365792759
epoch 53 batch id 1001 loss 0.0003824010491371155 train acc 0.9952703546453546
epoch 53 batch id 1201 loss 0.010799916461110115 train acc 0.995251353039134
epoch 53 batch id 1401 loss 0.07618409395217896 train acc 0.9949812633832976
epoch 53 batch id 1601 loss 0.02946152538061142 train acc 0.9949836039975015
epoch 53 batch id 1801 loss 0.0042738160118460655 train acc 0.9950548306496391
epoch 53 batch id 2001 loss 0.0005532614886760712 train acc 0.9950103073463268
epoch 53 batch id 2201 loss 0.016582366079092026 train acc 0.9950164697864607
epoch 53 train acc 0.9949872013651877
epoch 53 test acc 0.894281489769821
EPOCH: 53 | TIME: 2020-05-30 03:48:56.093847 
epoch 54 batch id 1 loss 0.03697942569851875 train acc 0.984375
epoch 54 batch id 201 loss 0.08593740314245224 train acc 0.9944029850746269
epoch 54 batch id 401 loss 0.010392568074166775 train acc 0.994661783042394
epoch 54 batch id 601 loss 0.06327275931835175 train acc 0.9948783277870217
epoch 54 batch id 801 loss 0.007253097370266914 train acc 0.9949477215980025
epoch 54 batch id 1001 loss 0.00029188022017478943 train acc 0.9950518231768232
epoch 54 batch id 1201 loss 0.006830497179180384 train acc 0.9951602830974188
epoch 54 batch id 1401 loss 0.12353569269180298 train acc 0.9949366523911491
epoch 54 batch id 1601 loss 0.0003845579922199249 train acc 0.9949738444722048
epoch 54 batch id 1801 loss 0.13465066254138947 train acc 0.9950548306496391
epoch 54 batch id 2001 loss 0.002467496320605278 train acc 0.9950649675162418
epoch 54 batch id 2201 loss 0.015952598303556442 train acc 0.9950448659700136
epoch 54 train acc 0.9950405290102389
epoch 54 test acc 0.8942415281329923
EPOCH: 54 | TIME: 2020-05-30 04:00:07.971205 
epoch 55 batch id 1 loss 0.04746434837579727 train acc 0.984375
epoch 55 batch id 201 loss 0.021135924383997917 train acc 0.9946361940298507
epoch 55 batch id 401 loss 0.013060511089861393 train acc 0.9950903990024937
epoch 55 batch id 601 loss 0.0011090394109487534 train acc 0.9951383111480865
epoch 55 batch id 801 loss 0.004921450279653072 train acc 0.9952793383270911
epoch 55 batch id 1001 loss 0.03043191507458687 train acc 0.9953952297702298
epoch 55 batch id 1201 loss 0.01101499330252409 train acc 0.9953033930058285
epoch 55 batch id 1401 loss 0.04227452352643013 train acc 0.9951485546038544
epoch 55 batch id 1601 loss 0.08836769312620163 train acc 0.9951495159275453
epoch 55 batch id 1801 loss 0.13609567284584045 train acc 0.9951329122709606
epoch 55 batch id 2001 loss 0.0015366245061159134 train acc 0.9950103073463268
epoch 55 batch id 2201 loss 0.08984265476465225 train acc 0.9948815879145843
epoch 55 train acc 0.9948472162969283
epoch 55 test acc 0.8930226982097187
EPOCH: 55 | TIME: 2020-05-30 04:11:18.206561 
epoch 56 batch id 1 loss 0.05150355026125908 train acc 0.984375
epoch 56 batch id 201 loss 0.021260906010866165 train acc 0.9946361940298507
epoch 56 batch id 401 loss 0.009362038224935532 train acc 0.9953241895261845
epoch 56 batch id 601 loss 0.0031211581081151962 train acc 0.9952943011647255
epoch 56 batch id 801 loss 0.00595839973539114 train acc 0.9954549001248439
epoch 56 batch id 1001 loss 0.0005502700805664062 train acc 0.9954732767232767
epoch 56 batch id 1201 loss 0.04598800092935562 train acc 0.9953944629475437
epoch 56 batch id 1401 loss 0.00930372066795826 train acc 0.9952154710920771
epoch 56 batch id 1601 loss 0.00036711618304252625 train acc 0.9953251873828857
epoch 56 batch id 1801 loss 0.10522927343845367 train acc 0.995410535813437
epoch 56 batch id 2001 loss 0.0030843624845147133 train acc 0.9953773113443278
epoch 56 batch id 2201 loss 0.015893135219812393 train acc 0.9954140163562017
epoch 56 train acc 0.9953404970136519
epoch 56 test acc 0.894221547314578
EPOCH: 56 | TIME: 2020-05-30 04:22:29.684626 
epoch 57 batch id 1 loss 0.048571690917015076 train acc 0.984375
epoch 57 batch id 201 loss 0.02516014501452446 train acc 0.9959577114427861
epoch 57 batch id 401 loss 0.010300163179636002 train acc 0.9955579800498753
epoch 57 batch id 601 loss 0.0027354303747415543 train acc 0.995216306156406
epoch 57 batch id 801 loss 0.0030673816800117493 train acc 0.9952403245942572
epoch 57 batch id 1001 loss 0.0002378895878791809 train acc 0.995364010989011
epoch 57 batch id 1201 loss 0.009288370609283447 train acc 0.995251353039134
epoch 57 batch id 1401 loss 0.004046282730996609 train acc 0.9949924161313347
epoch 57 batch id 1601 loss 0.0002455487847328186 train acc 0.9950128825733916
epoch 57 batch id 1801 loss 0.0004646666347980499 train acc 0.9951676152137702
epoch 57 batch id 2001 loss 0.0011022109538316727 train acc 0.9951196276861569
epoch 57 batch id 2201 loss 0.015118556097149849 train acc 0.9951513516583371
epoch 57 train acc 0.9951805140784983
epoch 57 test acc 0.8947010869565217
EPOCH: 57 | TIME: 2020-05-30 04:33:41.612353 
epoch 58 batch id 1 loss 0.07419577986001968 train acc 0.984375
epoch 58 batch id 201 loss 0.027906883507966995 train acc 0.9948694029850746
epoch 58 batch id 401 loss 0.01063071470707655 train acc 0.9952852244389028
epoch 58 batch id 601 loss 0.009505504742264748 train acc 0.9954762895174709
epoch 58 batch id 801 loss 0.0049553606659173965 train acc 0.9956499687890137
epoch 58 batch id 1001 loss 0.003217163495719433 train acc 0.9957074175824175
epoch 58 batch id 1201 loss 0.00882062315940857 train acc 0.9955635928393006
epoch 58 batch id 1401 loss 0.006597718223929405 train acc 0.995393915060671
epoch 58 batch id 1601 loss 0.0004263445734977722 train acc 0.9954130231105559
epoch 58 batch id 1801 loss 0.0005703531205654144 train acc 0.9955146446418657
epoch 58 batch id 2001 loss 0.0004898123443126678 train acc 0.9954788230884558
epoch 58 batch id 2201 loss 0.013247696682810783 train acc 0.9953572239890959
epoch 58 train acc 0.9953071672354948
epoch 58 test acc 0.8955003196930946
EPOCH: 58 | TIME: 2020-05-30 04:47:21.956271 
epoch 59 batch id 1 loss 0.04753530025482178 train acc 0.984375
epoch 59 batch id 201 loss 0.020205548033118248 train acc 0.9950248756218906
epoch 59 batch id 401 loss 0.009692390449345112 train acc 0.9952852244389028
epoch 59 batch id 601 loss 0.00023153051733970642 train acc 0.995216306156406
epoch 59 batch id 801 loss 0.004761284217238426 train acc 0.995396379525593
epoch 59 batch id 1001 loss 0.00038973987102508545 train acc 0.995442057942058
epoch 59 batch id 1201 loss 0.011835351586341858 train acc 0.9954074729392173
epoch 59 batch id 1401 loss 0.00993120577186346 train acc 0.9951708600999286
epoch 59 batch id 1601 loss 0.0017851106822490692 train acc 0.9952959088069956
epoch 59 batch id 1801 loss 0.0002251937985420227 train acc 0.9954192115491394
epoch 59 batch id 2001 loss 0.0017689429223537445 train acc 0.9954475887056472
epoch 59 batch id 2201 loss 0.014507463201880455 train acc 0.9953572239890959
epoch 59 train acc 0.9953804927474402
epoch 59 test acc 0.8936421035805626
EPOCH: 59 | TIME: 2020-05-30 04:58:29.167313 
epoch 60 batch id 1 loss 0.05056632682681084 train acc 0.984375
epoch 60 batch id 201 loss 0.01721414178609848 train acc 0.9958022388059702
epoch 60 batch id 401 loss 0.010343598201870918 train acc 0.9958697007481296
epoch 60 batch id 601 loss 0.006555119529366493 train acc 0.9957362728785357
epoch 60 batch id 801 loss 0.005398992449045181 train acc 0.9955719413233458
epoch 60 batch id 1001 loss 0.00019971653819084167 train acc 0.9956918081918081
epoch 60 batch id 1201 loss 0.010484647937119007 train acc 0.9955896128226478
epoch 60 batch id 1401 loss 0.06091797351837158 train acc 0.9954719842969307
epoch 60 batch id 1601 loss 0.00027905404567718506 train acc 0.9955106183635228
epoch 60 batch id 1801 loss 0.00020706653594970703 train acc 0.9955753747917824
epoch 60 batch id 2001 loss 0.0006474629044532776 train acc 0.9955569090454772
epoch 60 batch id 2201 loss 0.013108811341226101 train acc 0.9954992049068605
epoch 60 train acc 0.9955071459044369
epoch 60 test acc 0.8944013746803069
EPOCH: 60 | TIME: 2020-05-30 05:09:37.502315 
epoch 61 batch id 1 loss 0.059214089065790176 train acc 0.984375
epoch 61 batch id 201 loss 0.051003824919462204 train acc 0.9951803482587065
epoch 61 batch id 401 loss 0.00949529092758894 train acc 0.99544108478803
epoch 61 batch id 601 loss 0.001055089756846428 train acc 0.9954762895174709
epoch 61 batch id 801 loss 0.003671524114906788 train acc 0.9956304619225967
epoch 61 batch id 1001 loss 0.00021565333008766174 train acc 0.9956761988011988
epoch 61 batch id 1201 loss 0.007687513716518879 train acc 0.9955245628642798
epoch 61 batch id 1401 loss 0.007706186734139919 train acc 0.9954273733047823
epoch 61 batch id 1601 loss 0.0002790279686450958 train acc 0.9954520612117427
epoch 61 batch id 1801 loss 0.0006025396287441254 train acc 0.9954712659633537
epoch 61 batch id 2001 loss 0.0002985075116157532 train acc 0.995439780109945
epoch 61 batch id 2201 loss 0.11945731937885284 train acc 0.9953998182644253
epoch 61 train acc 0.9954204884812287
epoch 61 test acc 0.8949208759590793
EPOCH: 61 | TIME: 2020-05-30 05:20:46.932161 
epoch 62 batch id 1 loss 0.05997314304113388 train acc 0.984375
epoch 62 batch id 201 loss 0.03540743887424469 train acc 0.9957245024875622
epoch 62 batch id 401 loss 0.00931412074714899 train acc 0.9961034912718204
epoch 62 batch id 601 loss 0.00040368735790252686 train acc 0.9962042429284526
epoch 62 batch id 801 loss 0.0027135303243994713 train acc 0.9962546816479401
epoch 62 batch id 1001 loss 0.00035551562905311584 train acc 0.9962693556443556
epoch 62 batch id 1201 loss 0.00491525512188673 train acc 0.9961490424646128
epoch 62 batch id 1401 loss 0.011766044422984123 train acc 0.9958734832262669
epoch 62 batch id 1601 loss 0.0002579204738140106 train acc 0.9959205184259837
epoch 62 batch id 1801 loss 0.00020029768347740173 train acc 0.9959657828983898
epoch 62 batch id 2001 loss 0.00034037232398986816 train acc 0.995962956021989
epoch 62 batch id 2201 loss 0.01537582278251648 train acc 0.9959038505224898
epoch 62 train acc 0.9958671075085325
epoch 62 test acc 0.8927829283887468
EPOCH: 62 | TIME: 2020-05-30 05:31:55.990372 
epoch 63 batch id 1 loss 0.043944522738456726 train acc 0.984375
epoch 63 batch id 201 loss 0.024074552580714226 train acc 0.9954135572139303
epoch 63 batch id 401 loss 0.012343679554760456 train acc 0.9958307356608479
epoch 63 batch id 601 loss 0.001728663221001625 train acc 0.9958402662229617
epoch 63 batch id 801 loss 0.003096453845500946 train acc 0.9958255305867666
epoch 63 batch id 1001 loss 0.0004861932247877121 train acc 0.9959415584415584
epoch 63 batch id 1201 loss 0.008934279903769493 train acc 0.9958368026644463
epoch 63 batch id 1401 loss 0.010664684697985649 train acc 0.9956169700214133
epoch 63 batch id 1601 loss 0.0006023067981004715 train acc 0.9956570112429731
epoch 63 batch id 1801 loss 0.00019304826855659485 train acc 0.9957575652415325
epoch 63 batch id 2001 loss 0.0003828667104244232 train acc 0.9957677411294353
epoch 63 batch id 2201 loss 0.01605132780969143 train acc 0.9956695820081781
epoch 63 train acc 0.995693792662116
epoch 63 test acc 0.8942415281329923
EPOCH: 63 | TIME: 2020-05-30 05:43:04.685930 
epoch 64 batch id 1 loss 0.0563497357070446 train acc 0.984375
epoch 64 batch id 201 loss 0.02322080358862877 train acc 0.9963463930348259
epoch 64 batch id 401 loss 0.011023789644241333 train acc 0.9962983167082294
epoch 64 batch id 601 loss 0.00032162293791770935 train acc 0.9962302412645591
epoch 64 batch id 801 loss 0.07918620854616165 train acc 0.9961961610486891
epoch 64 batch id 1001 loss 0.00021265074610710144 train acc 0.9963005744255744
epoch 64 batch id 1201 loss 0.005955405533313751 train acc 0.9961360324729392
epoch 64 batch id 1401 loss 0.015650372952222824 train acc 0.9958957887223412
epoch 64 batch id 1601 loss 0.00024478137493133545 train acc 0.995881480324797
epoch 64 batch id 1801 loss 0.00030668824911117554 train acc 0.9958182953914492
epoch 64 batch id 2001 loss 0.0003361441195011139 train acc 0.9957833583208395
epoch 64 batch id 2201 loss 0.013252479955554008 train acc 0.9957689686506134
epoch 64 train acc 0.99576045221843
epoch 64 test acc 0.894840952685422
EPOCH: 64 | TIME: 2020-05-30 05:54:14.343824 
epoch 65 batch id 1 loss 0.05249034985899925 train acc 0.984375
epoch 65 batch id 201 loss 0.028672631829977036 train acc 0.996268656716418
epoch 65 batch id 401 loss 0.011825960129499435 train acc 0.9959476309226932
epoch 65 batch id 601 loss 0.0053654322400689125 train acc 0.9959962562396006
epoch 65 batch id 801 loss 0.0047240303829312325 train acc 0.9960205992509363
epoch 65 batch id 1001 loss 0.0003931671380996704 train acc 0.9960352147852148
epoch 65 batch id 1201 loss 0.0058781178668141365 train acc 0.995979912572856
epoch 65 batch id 1401 loss 0.01002267561852932 train acc 0.9957061920057102
epoch 65 batch id 1601 loss 0.0002033039927482605 train acc 0.9958034041224235
epoch 65 batch id 1801 loss 0.0002026185393333435 train acc 0.9957835924486397
epoch 65 batch id 2001 loss 0.0002948977053165436 train acc 0.9957599325337332
epoch 65 batch id 2201 loss 0.014777025207877159 train acc 0.9957050772376193
epoch 65 train acc 0.9957204564846417
epoch 65 test acc 0.8938618925831202
EPOCH: 65 | TIME: 2020-05-30 06:05:23.531217 
epoch 66 batch id 1 loss 0.05527812987565994 train acc 0.984375
epoch 66 batch id 201 loss 0.018039392307400703 train acc 0.9954135572139303
epoch 66 batch id 401 loss 0.009857765398919582 train acc 0.9960645261845387
epoch 66 batch id 601 loss 0.0031090043485164642 train acc 0.9962562396006656
epoch 66 batch id 801 loss 0.0029534604400396347 train acc 0.996352215980025
epoch 66 batch id 1001 loss 0.000195235013961792 train acc 0.9964098401598401
epoch 66 batch id 1201 loss 0.005673360079526901 train acc 0.996240112406328
epoch 66 batch id 1401 loss 0.006450265645980835 train acc 0.9960407744468237
epoch 66 batch id 1601 loss 0.00040460750460624695 train acc 0.9960766708307308
epoch 66 batch id 1801 loss 0.00022640451788902283 train acc 0.9961132704053304
epoch 66 batch id 2001 loss 0.0002803206443786621 train acc 0.9960800849575212
epoch 66 batch id 2201 loss 0.015208403579890728 train acc 0.9959819400272604
epoch 66 train acc 0.995993760665529
epoch 66 test acc 0.8935022378516624
EPOCH: 66 | TIME: 2020-05-30 06:16:32.360008 
epoch 67 batch id 1 loss 0.05245926231145859 train acc 0.984375
epoch 67 batch id 201 loss 0.029369013383984566 train acc 0.9954912935323383
epoch 67 batch id 401 loss 0.011600516736507416 train acc 0.995791770573566
epoch 67 batch id 601 loss 0.0016301218420267105 train acc 0.9958402662229617
epoch 67 batch id 801 loss 0.001537024974822998 train acc 0.9960401061173533
epoch 67 batch id 1001 loss 0.00021047517657279968 train acc 0.9962225274725275
epoch 67 batch id 1201 loss 0.005973314866423607 train acc 0.9961360324729392
epoch 67 batch id 1401 loss 0.01468314416706562 train acc 0.9958288722341185
epoch 67 batch id 1601 loss 0.0003168918192386627 train acc 0.995852201748907
epoch 67 batch id 1801 loss 0.0002412647008895874 train acc 0.9959224042198779
epoch 67 batch id 2001 loss 0.0003640875220298767 train acc 0.9959161044477761
epoch 67 batch id 2201 loss 0.013636375777423382 train acc 0.9958825533848251
epoch 67 train acc 0.9958582195676905
epoch 67 test acc 0.894221547314578
EPOCH: 67 | TIME: 2020-05-30 06:27:40.670238 
epoch 68 batch id 1 loss 0.045298583805561066 train acc 0.984375
epoch 68 batch id 201 loss 0.1086370050907135 train acc 0.9963463930348259
epoch 68 batch id 401 loss 0.010885357856750488 train acc 0.9966879675810474
epoch 68 batch id 601 loss 0.0005053803324699402 train acc 0.996438227953411
epoch 68 batch id 801 loss 0.004576921463012695 train acc 0.9963717228464419
epoch 68 batch id 1001 loss 0.0002573467791080475 train acc 0.996363011988012
epoch 68 batch id 1201 loss 0.008722444996237755 train acc 0.9962791423813488
epoch 68 batch id 1401 loss 0.008169950917363167 train acc 0.9960073162027123
epoch 68 batch id 1601 loss 0.00024161115288734436 train acc 0.9959985946283573
epoch 68 batch id 1801 loss 0.04358980804681778 train acc 0.995991810105497
epoch 68 batch id 2001 loss 0.001636025495827198 train acc 0.9960176161919041
epoch 68 batch id 2201 loss 0.01570844277739525 train acc 0.9959819400272604
epoch 68 train acc 0.9959670968430034
epoch 68 test acc 0.8955402813299232
EPOCH: 68 | TIME: 2020-05-30 06:41:20.596767 
epoch 69 batch id 1 loss 0.044860415160655975 train acc 0.984375
epoch 69 batch id 201 loss 0.03512134030461311 train acc 0.9959577114427861
epoch 69 batch id 401 loss 0.010203278623521328 train acc 0.9961034912718204
epoch 69 batch id 601 loss 0.0005616433918476105 train acc 0.9961522462562395
epoch 69 batch id 801 loss 0.005442334339022636 train acc 0.9962156679151061
epoch 69 batch id 1001 loss 0.00016137957572937012 train acc 0.9963474025974026
epoch 69 batch id 1201 loss 0.009791433811187744 train acc 0.9963441923397169
epoch 69 batch id 1401 loss 0.008663439191877842 train acc 0.995973857958601
epoch 69 batch id 1601 loss 0.00022498145699501038 train acc 0.9959985946283573
epoch 69 batch id 1801 loss 0.0002074018120765686 train acc 0.9960438645197113
epoch 69 batch id 2001 loss 0.00036931782960891724 train acc 0.9961113193403298
epoch 69 batch id 2201 loss 0.013997003436088562 train acc 0.9960458314402544
epoch 69 train acc 0.9960070925767918
epoch 69 test acc 0.8963395140664961
EPOCH: 69 | TIME: 2020-05-30 06:54:59.722773 
epoch 70 batch id 1 loss 0.052096106112003326 train acc 0.984375
epoch 70 batch id 201 loss 0.024062583222985268 train acc 0.996113184079602
epoch 70 batch id 401 loss 0.008850060403347015 train acc 0.996571072319202
epoch 70 batch id 601 loss 0.0011345036327838898 train acc 0.9965942179700499
epoch 70 batch id 801 loss 0.001714920625090599 train acc 0.9965472846441947
epoch 70 batch id 1001 loss 0.00015033036470413208 train acc 0.9965815434565435
epoch 70 batch id 1201 loss 0.009368231520056725 train acc 0.9965653621981682
epoch 70 batch id 1401 loss 0.008569903671741486 train acc 0.9963084403997144
epoch 70 batch id 1601 loss 0.049664780497550964 train acc 0.996320658963148
epoch 70 batch id 1801 loss 0.00020209699869155884 train acc 0.9963648667406996
epoch 70 batch id 2001 loss 0.0002982020378112793 train acc 0.9963221514242878
epoch 70 batch id 2201 loss 0.012740743346512318 train acc 0.996244604725125
epoch 70 train acc 0.9962337350682594
epoch 70 test acc 0.8937020460358056
EPOCH: 70 | TIME: 2020-05-30 07:06:07.847877 
epoch 71 batch id 1 loss 0.04296400025486946 train acc 0.984375
epoch 71 batch id 201 loss 0.02801438234746456 train acc 0.9955690298507462
epoch 71 batch id 401 loss 0.009874649345874786 train acc 0.9961424563591023
epoch 71 batch id 601 loss 0.00017922371625900269 train acc 0.996386231281198
epoch 71 batch id 801 loss 0.003119012340903282 train acc 0.9964692571785269
epoch 71 batch id 1001 loss 0.00015678629279136658 train acc 0.9964878871128872
epoch 71 batch id 1201 loss 0.006007389165461063 train acc 0.996474292256453
epoch 71 batch id 1401 loss 0.010273951105773449 train acc 0.9960965381870093
epoch 71 batch id 1601 loss 0.0001617223024368286 train acc 0.9960961898813242
epoch 71 batch id 1801 loss 0.0002146512269973755 train acc 0.9960785674625208
epoch 71 batch id 2001 loss 0.0001923590898513794 train acc 0.9960878935532234
epoch 71 batch id 2201 loss 0.014047209173440933 train acc 0.9959819400272604
epoch 71 train acc 0.9959870947098977
epoch 71 test acc 0.8946811061381074
EPOCH: 71 | TIME: 2020-05-30 07:17:16.346443 
epoch 72 batch id 1 loss 0.05454500392079353 train acc 0.984375
epoch 72 batch id 201 loss 0.02353266254067421 train acc 0.996035447761194
epoch 72 batch id 401 loss 0.009893763810396194 train acc 0.9964152119700748
epoch 72 batch id 601 loss 0.00013231486082077026 train acc 0.996490224625624
epoch 72 batch id 801 loss 0.003765442408621311 train acc 0.9964107365792759
epoch 72 batch id 1001 loss 0.00015866011381149292 train acc 0.9964722777222778
epoch 72 batch id 1201 loss 0.009882600978016853 train acc 0.9964092422980849
epoch 72 batch id 1401 loss 0.006629079580307007 train acc 0.9960742326909351
epoch 72 batch id 1601 loss 0.000194452702999115 train acc 0.9961449875078077
epoch 72 batch id 1801 loss 0.00022139400243759155 train acc 0.996217379233759
epoch 72 batch id 2001 loss 0.0014909133315086365 train acc 0.9962128310844578
epoch 72 batch id 2201 loss 0.013707277365028858 train acc 0.9962020104497955
epoch 72 train acc 0.9961804074232082
epoch 72 test acc 0.8956002237851662
EPOCH: 72 | TIME: 2020-05-30 07:28:23.511663 
epoch 73 batch id 1 loss 0.057388924062252045 train acc 0.984375
epoch 73 batch id 201 loss 0.014111267402768135 train acc 0.9958799751243781
epoch 73 batch id 401 loss 0.009997304528951645 train acc 0.9964541770573566
epoch 73 batch id 601 loss 0.00037653371691703796 train acc 0.996386231281198
epoch 73 batch id 801 loss 0.00481029786169529 train acc 0.9961376404494382
epoch 73 batch id 1001 loss 0.0869048461318016 train acc 0.9961913086913087
epoch 73 batch id 1201 loss 0.00907989777624607 train acc 0.9962531223980017
epoch 73 batch id 1401 loss 0.007176000624895096 train acc 0.9960853854389722
epoch 73 batch id 1601 loss 0.00014527514576911926 train acc 0.9962035446595877
epoch 73 batch id 1801 loss 0.00015700608491897583 train acc 0.9962434064408662
epoch 73 batch id 2001 loss 0.00019473955035209656 train acc 0.9962909170414792
epoch 73 batch id 2201 loss 0.014806893654167652 train acc 0.9962375056792367
epoch 73 train acc 0.996227069112628
epoch 73 test acc 0.8950007992327366
EPOCH: 73 | TIME: 2020-05-30 07:39:31.787734 
epoch 74 batch id 1 loss 0.04764203354716301 train acc 0.984375
epoch 74 batch id 201 loss 0.02485521137714386 train acc 0.9963463930348259
epoch 74 batch id 401 loss 0.01146482490003109 train acc 0.9964152119700748
epoch 74 batch id 601 loss 0.0003739185631275177 train acc 0.996490224625624
epoch 74 batch id 801 loss 0.004101854749023914 train acc 0.9965472846441947
epoch 74 batch id 1001 loss 0.00016924366354942322 train acc 0.9966595904095904
epoch 74 batch id 1201 loss 0.010217128321528435 train acc 0.9966824521232306
epoch 74 batch id 1401 loss 0.0073686991818249226 train acc 0.9963530513918629
epoch 74 batch id 1601 loss 0.00010142475366592407 train acc 0.9963792161149282
epoch 74 batch id 1801 loss 0.000263407826423645 train acc 0.9963822182121044
epoch 74 batch id 2001 loss 0.023522483184933662 train acc 0.9963377686156921
epoch 74 batch id 2201 loss 0.012691624462604523 train acc 0.9962800999545661
epoch 74 train acc 0.996293728668942
epoch 74 test acc 0.8941416240409207
EPOCH: 74 | TIME: 2020-05-30 07:50:41.495394 
epoch 75 batch id 1 loss 0.06097394973039627 train acc 0.984375
epoch 75 batch id 201 loss 0.004237281158566475 train acc 0.996035447761194
epoch 75 batch id 401 loss 0.010945062153041363 train acc 0.996376246882793
epoch 75 batch id 601 loss 0.0002737082540988922 train acc 0.996542221297837
epoch 75 batch id 801 loss 0.005721950903534889 train acc 0.9964887640449438
epoch 75 batch id 1001 loss 8.950755000114441e-05 train acc 0.9965659340659341
epoch 75 batch id 1201 loss 0.010390257462859154 train acc 0.9966174021648626
epoch 75 batch id 1401 loss 0.0053624846041202545 train acc 0.9964757316202713
epoch 75 batch id 1601 loss 0.00011087208986282349 train acc 0.9964572923173017
epoch 75 batch id 1801 loss 0.0010080598294734955 train acc 0.9964776513048307
epoch 75 batch id 2001 loss 0.00017698854207992554 train acc 0.9964705147426287
epoch 75 batch id 2201 loss 0.01625419408082962 train acc 0.9963510904134484
epoch 75 train acc 0.9963203924914675
epoch 75 test acc 0.8955402813299232
EPOCH: 75 | TIME: 2020-05-30 08:01:50.637081 
epoch 76 batch id 1 loss 0.06222742423415184 train acc 0.984375
epoch 76 batch id 201 loss 0.022657692432403564 train acc 0.9965796019900498
epoch 76 batch id 401 loss 0.009884083643555641 train acc 0.9966100374064838
epoch 76 batch id 601 loss 0.0001930445432662964 train acc 0.9968022046589018
epoch 76 batch id 801 loss 0.0038940347731113434 train acc 0.9967618601747815
epoch 76 batch id 1001 loss 9.900331497192383e-05 train acc 0.9966751998001998
epoch 76 batch id 1201 loss 0.009396998211741447 train acc 0.9967214820982515
epoch 76 batch id 1401 loss 0.00764915905892849 train acc 0.996453426124197
epoch 76 batch id 1601 loss 8.612126111984253e-05 train acc 0.9965158494690818
epoch 76 batch id 1801 loss 8.806586265563965e-05 train acc 0.9965123542476402
epoch 76 batch id 2001 loss 0.00010485947132110596 train acc 0.9965486006996501
epoch 76 batch id 2201 loss 0.053356919437646866 train acc 0.9964646751476601
epoch 76 train acc 0.99642704778157
epoch 76 test acc 0.895460358056266
EPOCH: 76 | TIME: 2020-05-30 08:13:00.338409 
epoch 77 batch id 1 loss 0.05501700937747955 train acc 0.984375
epoch 77 batch id 201 loss 0.017091967165470123 train acc 0.996113184079602
epoch 77 batch id 401 loss 0.009637989103794098 train acc 0.9966879675810474
epoch 77 batch id 601 loss 9.90256667137146e-05 train acc 0.9967502079866889
epoch 77 batch id 801 loss 0.004269472323358059 train acc 0.9966058052434457
epoch 77 batch id 1001 loss 0.0001748204231262207 train acc 0.9966908091908092
epoch 77 batch id 1201 loss 0.009030110202729702 train acc 0.9966304121565362
epoch 77 batch id 1401 loss 0.007034792564809322 train acc 0.9964422733761599
epoch 77 batch id 1601 loss 0.00012011826038360596 train acc 0.9965256089943785
epoch 77 batch id 1801 loss 0.00011784583330154419 train acc 0.996529705719045
epoch 77 batch id 2001 loss 0.00015556439757347107 train acc 0.9965486006996501
epoch 77 batch id 2201 loss 0.01372761745005846 train acc 0.996429179918219
epoch 77 train acc 0.9964403796928327
epoch 77 test acc 0.8940617007672634
EPOCH: 77 | TIME: 2020-05-30 08:24:08.486504 
epoch 78 batch id 1 loss 0.04339241608977318 train acc 0.984375
epoch 78 batch id 201 loss 0.018996749073266983 train acc 0.9958799751243781
epoch 78 batch id 401 loss 0.010314739309251308 train acc 0.9965321072319202
epoch 78 batch id 601 loss 0.00015398487448692322 train acc 0.9966722129783694
epoch 78 batch id 801 loss 0.0040164003148674965 train acc 0.9965667915106118
epoch 78 batch id 1001 loss 0.00012120604515075684 train acc 0.9965503246753247
epoch 78 batch id 1201 loss 0.010630868375301361 train acc 0.9965263322231473
epoch 78 batch id 1401 loss 0.005864355713129044 train acc 0.9963642041399001
epoch 78 batch id 1601 loss 0.00011206790804862976 train acc 0.9963694565896315
epoch 78 batch id 1801 loss 0.00013250485062599182 train acc 0.9964255968906163
epoch 78 batch id 2001 loss 0.00014068186283111572 train acc 0.9964783233383309
epoch 78 batch id 2201 loss 0.013359147123992443 train acc 0.9964078827805543
epoch 78 train acc 0.9963937180034129
epoch 78 test acc 0.8968789961636828
EPOCH: 78 | TIME: 2020-05-30 08:37:46.905046 
epoch 79 batch id 1 loss 0.045912642031908035 train acc 0.984375
epoch 79 batch id 201 loss 0.020740371197462082 train acc 0.9966573383084577
epoch 79 batch id 401 loss 0.009880274534225464 train acc 0.9971165835411472
epoch 79 batch id 601 loss 0.0016225874423980713 train acc 0.9971141846921797
epoch 79 batch id 801 loss 0.004790973849594593 train acc 0.9969179151061174
epoch 79 batch id 1001 loss 0.00015629827976226807 train acc 0.9968937312687313
epoch 79 batch id 1201 loss 0.008783831261098385 train acc 0.9967735220649458
epoch 79 batch id 1401 loss 0.006758432369679213 train acc 0.996453426124197
epoch 79 batch id 1601 loss 0.0001240074634552002 train acc 0.9964865708931917
epoch 79 batch id 1801 loss 0.0001404397189617157 train acc 0.996529705719045
epoch 79 batch id 2001 loss 0.0001636594533920288 train acc 0.9965329835082459
epoch 79 batch id 2201 loss 0.012321185320615768 train acc 0.9964646751476601
epoch 79 train acc 0.9964470456484642
epoch 79 test acc 0.8970588235294118
EPOCH: 79 | TIME: 2020-05-30 08:51:26.681577 
epoch 80 batch id 1 loss 0.045431409031152725 train acc 0.984375
epoch 80 batch id 201 loss 0.02007526345551014 train acc 0.9965018656716418
epoch 80 batch id 401 loss 0.009436560794711113 train acc 0.9968048628428927
epoch 80 batch id 601 loss 0.0008199848234653473 train acc 0.9968801996672213
epoch 80 batch id 801 loss 0.04212184250354767 train acc 0.9967813670411985
epoch 80 batch id 1001 loss 0.00011425092816352844 train acc 0.996846903096903
epoch 80 batch id 1201 loss 0.009940842166543007 train acc 0.9968125520399667
epoch 80 batch id 1401 loss 0.00604864489287138 train acc 0.9966095645967167
epoch 80 batch id 1601 loss 0.00013406947255134583 train acc 0.9966329637726421
epoch 80 batch id 1801 loss 0.00011473521590232849 train acc 0.9966164630760689
epoch 80 batch id 2001 loss 0.00012482702732086182 train acc 0.9965798350824587
epoch 80 batch id 2201 loss 0.015433402732014656 train acc 0.9964788732394366
epoch 80 train acc 0.9964603775597269
epoch 80 test acc 0.8964593989769821
EPOCH: 80 | TIME: 2020-05-30 09:02:33.336034 
epoch 81 batch id 1 loss 0.04900052770972252 train acc 0.984375
epoch 81 batch id 201 loss 0.023051081225275993 train acc 0.9965018656716418
epoch 81 batch id 401 loss 0.011070349253714085 train acc 0.9968827930174564
epoch 81 batch id 601 loss 0.0018412452191114426 train acc 0.9969841930116472
epoch 81 batch id 801 loss 0.0038741575554013252 train acc 0.9969179151061174
epoch 81 batch id 1001 loss 0.00010641664266586304 train acc 0.9969717782217782
epoch 81 batch id 1201 loss 0.009819168597459793 train acc 0.9970077019150708
epoch 81 batch id 1401 loss 0.006755294743925333 train acc 0.9967545503211992
epoch 81 batch id 1601 loss 0.00012591108679771423 train acc 0.996730559025609
epoch 81 batch id 1801 loss 0.00012071803212165833 train acc 0.9967379233759023
epoch 81 batch id 2001 loss 0.00024918466806411743 train acc 0.9967438155922039
epoch 81 batch id 2201 loss 0.013396667316555977 train acc 0.9966847455701954
epoch 81 train acc 0.9966536902730375
epoch 81 test acc 0.8972186700767263
EPOCH: 81 | TIME: 2020-05-30 09:16:06.946281 
epoch 82 batch id 1 loss 0.05558827519416809 train acc 0.984375
epoch 82 batch id 201 loss 0.02109876461327076 train acc 0.9969682835820896
epoch 82 batch id 401 loss 0.008667195215821266 train acc 0.9968438279301746
epoch 82 batch id 601 loss 0.005605004727840424 train acc 0.9967502079866889
epoch 82 batch id 801 loss 0.0042257895693182945 train acc 0.9967423533083646
epoch 82 batch id 1001 loss 0.00018206611275672913 train acc 0.996722027972028
epoch 82 batch id 1201 loss 0.009747333824634552 train acc 0.996734492089925
epoch 82 batch id 1401 loss 0.006531476974487305 train acc 0.9964980371163454
epoch 82 batch id 1601 loss 0.00010664761066436768 train acc 0.9965353685196752
epoch 82 batch id 1801 loss 0.00015654787421226501 train acc 0.9965817601332593
epoch 82 batch id 2001 loss 0.00020700320601463318 train acc 0.9965720264867566
epoch 82 batch id 2201 loss 0.013330656103789806 train acc 0.996521467514766
epoch 82 train acc 0.9965003732935154
epoch 82 test acc 0.8954203964194374
EPOCH: 82 | TIME: 2020-05-30 09:27:12.535004 
epoch 83 batch id 1 loss 0.04873787239193916 train acc 0.984375
epoch 83 batch id 201 loss 0.018168825656175613 train acc 0.9963463930348259
epoch 83 batch id 401 loss 0.0092470059171319 train acc 0.9969217581047382
epoch 83 batch id 601 loss 0.00010701268911361694 train acc 0.9970881863560732
epoch 83 batch id 801 loss 0.003697670064866543 train acc 0.9970349563046192
epoch 83 batch id 1001 loss 0.001207580789923668 train acc 0.9970498251748252
epoch 83 batch id 1201 loss 0.01016954518854618 train acc 0.9969816819317235
epoch 83 batch id 1401 loss 0.006076526828110218 train acc 0.9967657030692363
epoch 83 batch id 1601 loss 6.530806422233582e-05 train acc 0.9968086352279825
epoch 83 batch id 1801 loss 0.00010623782873153687 train acc 0.9968333564686286
epoch 83 batch id 2001 loss 0.0001455061137676239 train acc 0.9968297101449275
epoch 83 batch id 2201 loss 0.0134735694155097 train acc 0.996734438891413
epoch 83 train acc 0.9967270157849829
epoch 83 test acc 0.8979179987212276
EPOCH: 83 | TIME: 2020-05-30 09:40:47.179175 
epoch 84 batch id 1 loss 0.05035234987735748 train acc 0.984375
epoch 84 batch id 201 loss 0.019839026033878326 train acc 0.9968128109452736
epoch 84 batch id 401 loss 0.00838220864534378 train acc 0.9970386533665836
epoch 84 batch id 601 loss 0.00010837987065315247 train acc 0.9970621880199667
epoch 84 batch id 801 loss 0.003819289617240429 train acc 0.9969959425717853
epoch 84 batch id 1001 loss 7.424131035804749e-05 train acc 0.9969873876123876
epoch 84 batch id 1201 loss 0.01046464778482914 train acc 0.99696867194005
epoch 84 batch id 1401 loss 0.005935942754149437 train acc 0.9967210920770878
epoch 84 batch id 1601 loss 6.810948252677917e-05 train acc 0.996701280449719
epoch 84 batch id 1801 loss 7.499754428863525e-05 train acc 0.9966945446973904
epoch 84 batch id 2001 loss 9.341910481452942e-05 train acc 0.9966579210394803
epoch 84 batch id 2201 loss 0.01442476361989975 train acc 0.9966279532030895
epoch 84 train acc 0.9966203604948806
epoch 84 test acc 0.8957800511508951
EPOCH: 84 | TIME: 2020-05-30 09:51:52.845570 
epoch 85 batch id 1 loss 0.054136939346790314 train acc 0.984375
epoch 85 batch id 201 loss 0.020367518067359924 train acc 0.9965018656716418
epoch 85 batch id 401 loss 0.010034594684839249 train acc 0.9968048628428927
epoch 85 batch id 601 loss 8.128955960273743e-05 train acc 0.9968801996672213
epoch 85 batch id 801 loss 0.004646177403628826 train acc 0.9967618601747815
epoch 85 batch id 1001 loss 0.04032563790678978 train acc 0.9968156843156843
epoch 85 batch id 1201 loss 0.008891234174370766 train acc 0.9967865320566195
epoch 85 batch id 1401 loss 0.006591899320483208 train acc 0.9966764810849393
epoch 85 batch id 1601 loss 5.833059549331665e-05 train acc 0.996730559025609
epoch 85 batch id 1801 loss 0.00014632195234298706 train acc 0.9967118961687951
epoch 85 batch id 2001 loss 8.041784167289734e-05 train acc 0.9966891554222889
epoch 85 batch id 2201 loss 0.01328569371253252 train acc 0.9966279532030895
epoch 85 train acc 0.9966070285836177
epoch 85 test acc 0.8964194373401535
EPOCH: 85 | TIME: 2020-05-30 10:03:00.814350 
epoch 86 batch id 1 loss 0.05685790255665779 train acc 0.984375
epoch 86 batch id 201 loss 0.01931767910718918 train acc 0.9963463930348259
epoch 86 batch id 401 loss 0.010310039855539799 train acc 0.99696072319202
epoch 86 batch id 601 loss 9.673461318016052e-05 train acc 0.9969321963394343
epoch 86 batch id 801 loss 0.03491095080971718 train acc 0.9968593945068664
epoch 86 batch id 1001 loss 7.980689406394958e-05 train acc 0.9969249500499501
epoch 86 batch id 1201 loss 0.009183268994092941 train acc 0.9969036219816819
epoch 86 batch id 1401 loss 0.005479469895362854 train acc 0.9966764810849393
epoch 86 batch id 1601 loss 7.721781730651855e-05 train acc 0.9967207995003123
epoch 86 batch id 1801 loss 8.457154035568237e-05 train acc 0.9967292476401999
epoch 86 batch id 2001 loss 0.00012638792395591736 train acc 0.9967438155922039
epoch 86 batch id 2201 loss 0.012884242460131645 train acc 0.9965995570195366
epoch 86 train acc 0.9965870307167235
epoch 86 test acc 0.896759111253197
EPOCH: 86 | TIME: 2020-05-30 10:13:57.830541 
epoch 87 batch id 1 loss 0.058801472187042236 train acc 0.984375
epoch 87 batch id 201 loss 0.017948778346180916 train acc 0.9965018656716418
epoch 87 batch id 401 loss 0.00973962526768446 train acc 0.9968438279301746
epoch 87 batch id 601 loss 0.00014052912592887878 train acc 0.9968282029950083
epoch 87 batch id 801 loss 0.0036704745143651962 train acc 0.9968789013732834
epoch 87 batch id 1001 loss 9.045004844665527e-05 train acc 0.9970186063936064
epoch 87 batch id 1201 loss 0.009438322857022285 train acc 0.99696867194005
epoch 87 batch id 1401 loss 0.006863656919449568 train acc 0.996743397573162
epoch 87 batch id 1601 loss 7.773935794830322e-05 train acc 0.9967695971267958
epoch 87 batch id 1801 loss 0.000145740807056427 train acc 0.996798653525819
epoch 87 batch id 2001 loss 0.00011805444955825806 train acc 0.996806284357821
epoch 87 batch id 2201 loss 0.01338544487953186 train acc 0.9966989436619719
epoch 87 train acc 0.9966736881399317
epoch 87 test acc 0.8952405690537084
EPOCH: 87 | TIME: 2020-05-30 10:25:07.033379 
epoch 88 batch id 1 loss 0.05342675745487213 train acc 0.984375
epoch 88 batch id 201 loss 0.021148251369595528 train acc 0.9964241293532339
epoch 88 batch id 401 loss 0.009682271629571915 train acc 0.9970386533665836
epoch 88 batch id 601 loss 0.0001758001744747162 train acc 0.9971401830282862
epoch 88 batch id 801 loss 0.0050935447216033936 train acc 0.9970154494382022
epoch 88 batch id 1001 loss 8.712708950042725e-05 train acc 0.9969717782217782
epoch 88 batch id 1201 loss 0.009898561052978039 train acc 0.9969946919233972
epoch 88 batch id 1401 loss 0.007219645660370588 train acc 0.9967880085653105
epoch 88 batch id 1601 loss 6.973370909690857e-05 train acc 0.9967988757026858
epoch 88 batch id 1801 loss 0.00011313334107398987 train acc 0.9968420322043309
epoch 88 batch id 2001 loss 0.0002583824098110199 train acc 0.996853135932034
epoch 88 batch id 2201 loss 0.012592527084052563 train acc 0.9967841322126306
epoch 88 train acc 0.9967803434300341
epoch 88 test acc 0.8964394181585678
EPOCH: 88 | TIME: 2020-05-30 10:36:15.546747 
epoch 89 batch id 1 loss 0.054134551435709 train acc 0.984375
epoch 89 batch id 201 loss 0.019796257838606834 train acc 0.9966573383084577
epoch 89 batch id 401 loss 0.010014516301453114 train acc 0.9971555486284289
epoch 89 batch id 601 loss 0.00011139363050460815 train acc 0.9970881863560732
epoch 89 batch id 801 loss 0.002638234756886959 train acc 0.9970349563046192
epoch 89 batch id 1001 loss 7.399916648864746e-05 train acc 0.9969717782217782
epoch 89 batch id 1201 loss 0.009499983862042427 train acc 0.9970597418817652
epoch 89 batch id 1401 loss 0.008012380450963974 train acc 0.9968326195574589
epoch 89 batch id 1601 loss 5.69075345993042e-05 train acc 0.9968183947532792
epoch 89 batch id 1801 loss 0.00011923164129257202 train acc 0.9968767351471405
epoch 89 batch id 2001 loss 7.306411862373352e-05 train acc 0.9968765617191404
epoch 89 batch id 2201 loss 0.012785371392965317 train acc 0.9968125283961835
epoch 89 train acc 0.9968003412969283
epoch 89 test acc 0.8962396099744245
EPOCH: 89 | TIME: 2020-05-30 10:47:21.595598 
epoch 90 batch id 1 loss 0.06693634390830994 train acc 0.984375
epoch 90 batch id 201 loss 0.01799190603196621 train acc 0.9969682835820896
epoch 90 batch id 401 loss 0.009891846217215061 train acc 0.9972334788029925
epoch 90 batch id 601 loss 7.06501305103302e-05 train acc 0.9971921797004991
epoch 90 batch id 801 loss 0.003569716587662697 train acc 0.9970544631710362
epoch 90 batch id 1001 loss 5.977228283882141e-05 train acc 0.9971278721278721
epoch 90 batch id 1201 loss 0.008673709817230701 train acc 0.9971898417985012
epoch 90 batch id 1401 loss 0.008157417178153992 train acc 0.9969441470378301
epoch 90 batch id 1601 loss 5.319342017173767e-05 train acc 0.9969257495315428
epoch 90 batch id 1801 loss 9.429827332496643e-05 train acc 0.9969287895613548
epoch 90 batch id 2001 loss 7.231533527374268e-05 train acc 0.9968999875062469
epoch 90 batch id 2201 loss 0.011415272019803524 train acc 0.9968125283961835
epoch 90 train acc 0.9967670115187713
epoch 90 test acc 0.8962995524296675
EPOCH: 90 | TIME: 2020-05-30 10:58:29.463175 
epoch 91 batch id 1 loss 0.05822152644395828 train acc 0.984375
epoch 91 batch id 201 loss 0.016765400767326355 train acc 0.9963463930348259
epoch 91 batch id 401 loss 0.010145248845219612 train acc 0.9966879675810474
epoch 91 batch id 601 loss 0.00019595399498939514 train acc 0.9967242096505824
epoch 91 batch id 801 loss 0.0033387672156095505 train acc 0.9966838327091136
epoch 91 batch id 1001 loss 5.4955482482910156e-05 train acc 0.9967064185814186
epoch 91 batch id 1201 loss 0.010300446301698685 train acc 0.9967995420482931
epoch 91 batch id 1401 loss 0.00565524585545063 train acc 0.996643022840828
epoch 91 batch id 1601 loss 5.400553345680237e-05 train acc 0.9966622423485322
epoch 91 batch id 1801 loss 5.577877163887024e-05 train acc 0.9967205719044975
epoch 91 batch id 2001 loss 5.982443690299988e-05 train acc 0.9967672413793104
epoch 91 batch id 2201 loss 0.012878652662038803 train acc 0.9967060427078601
epoch 91 train acc 0.9967336817406144
epoch 91 test acc 0.8969189578005116
EPOCH: 91 | TIME: 2020-05-30 11:09:35.689140 
epoch 92 batch id 1 loss 0.058459218591451645 train acc 0.984375
epoch 92 batch id 201 loss 0.019704274833202362 train acc 0.9968905472636815
epoch 92 batch id 401 loss 0.009071472100913525 train acc 0.9972724438902744
epoch 92 batch id 601 loss 6.693229079246521e-05 train acc 0.9971921797004991
epoch 92 batch id 801 loss 0.001709701493382454 train acc 0.9971324906367042
epoch 92 batch id 1001 loss 5.744770169258118e-05 train acc 0.9971747002997003
epoch 92 batch id 1201 loss 0.009636184200644493 train acc 0.9971768318068276
epoch 92 batch id 1401 loss 0.0062843929044902325 train acc 0.9969441470378301
epoch 92 batch id 1601 loss 5.947425961494446e-05 train acc 0.9968964709556527
epoch 92 batch id 1801 loss 5.177035927772522e-05 train acc 0.9969374652970572
epoch 92 batch id 2001 loss 6.437301635742188e-05 train acc 0.9969312218890555
epoch 92 batch id 2201 loss 0.013645967468619347 train acc 0.9969261131303953
epoch 92 train acc 0.9968803327645052
epoch 92 test acc 0.8967191496163683
EPOCH: 92 | TIME: 2020-05-30 11:20:43.686164 
epoch 93 batch id 1 loss 0.05849774554371834 train acc 0.984375
epoch 93 batch id 201 loss 0.017757058143615723 train acc 0.9975124378109452
epoch 93 batch id 401 loss 0.010069206357002258 train acc 0.9975841645885287
epoch 93 batch id 601 loss 6.847456097602844e-05 train acc 0.9976341514143094
epoch 93 batch id 801 loss 0.002405088394880295 train acc 0.9974446004993758
epoch 93 batch id 1001 loss 5.240738391876221e-05 train acc 0.9974556693306693
epoch 93 batch id 1201 loss 0.04022616147994995 train acc 0.9974370316402997
epoch 93 batch id 1401 loss 0.006677677854895592 train acc 0.9972006602426838
epoch 93 batch id 1601 loss 5.0574541091918945e-05 train acc 0.9971404590880699
epoch 93 batch id 1801 loss 0.03908028081059456 train acc 0.997110980011105
epoch 93 batch id 2001 loss 4.3842941522598267e-05 train acc 0.9971264367816092
epoch 93 batch id 2201 loss 0.012431131675839424 train acc 0.9970467969104952
epoch 93 train acc 0.9969803220989761
epoch 93 test acc 0.8970188618925832
EPOCH: 93 | TIME: 2020-05-30 11:31:51.899435 
epoch 94 batch id 1 loss 0.052441541105508804 train acc 0.984375
epoch 94 batch id 201 loss 0.02110038325190544 train acc 0.9974347014925373
epoch 94 batch id 401 loss 0.011014013551175594 train acc 0.9974283042394015
epoch 94 batch id 601 loss 4.84958291053772e-05 train acc 0.997452163061564
epoch 94 batch id 801 loss 0.0027210600674152374 train acc 0.997269038701623
epoch 94 batch id 1001 loss 4.6115368604660034e-05 train acc 0.9972995754245755
epoch 94 batch id 1201 loss 0.16872969269752502 train acc 0.9972809117402165
epoch 94 batch id 1401 loss 0.006622872781008482 train acc 0.9970779800142755
epoch 94 batch id 1601 loss 4.803761839866638e-05 train acc 0.997013585259213
epoch 94 batch id 1801 loss 4.032999277114868e-05 train acc 0.9970502498611882
epoch 94 batch id 2001 loss 4.877150058746338e-05 train acc 0.9970249250374813
epoch 94 batch id 2201 loss 0.013825682923197746 train acc 0.9969545093139482
epoch 94 train acc 0.9969536582764505
epoch 94 test acc 0.8969789002557544
EPOCH: 94 | TIME: 2020-05-30 11:42:59.555455 
epoch 95 batch id 1 loss 0.06477583199739456 train acc 0.984375
epoch 95 batch id 201 loss 0.01943153887987137 train acc 0.9967350746268657
epoch 95 batch id 401 loss 0.009212549775838852 train acc 0.997350374064838
epoch 95 batch id 601 loss 4.67449426651001e-05 train acc 0.9973481697171381
epoch 95 batch id 801 loss 0.0038234731182456017 train acc 0.9971910112359551
epoch 95 batch id 1001 loss 4.43384051322937e-05 train acc 0.9972371378621379
epoch 95 batch id 1201 loss 0.008703576400876045 train acc 0.997228871773522
epoch 95 batch id 1401 loss 0.0057039037346839905 train acc 0.9969776052819415
epoch 95 batch id 1601 loss 5.782395601272583e-05 train acc 0.9969843066833229
epoch 95 batch id 1801 loss 4.2691826820373535e-05 train acc 0.9970415741254859
epoch 95 batch id 2001 loss 4.684552550315857e-05 train acc 0.997063968015992
epoch 95 batch id 2201 loss 0.012857364490628242 train acc 0.9969616083598365
epoch 95 train acc 0.9969069965870307
epoch 95 test acc 0.8972985933503836
EPOCH: 95 | TIME: 2020-05-30 11:54:06.187315 
epoch 96 batch id 1 loss 0.055537283420562744 train acc 0.984375
epoch 96 batch id 201 loss 0.017915338277816772 train acc 0.9967350746268657
epoch 96 batch id 401 loss 0.011327420361340046 train acc 0.9972334788029925
epoch 96 batch id 601 loss 5.701929330825806e-05 train acc 0.9973741680532446
epoch 96 batch id 801 loss 0.0019433405250310898 train acc 0.997269038701623
epoch 96 batch id 1001 loss 5.211681127548218e-05 train acc 0.9972371378621379
epoch 96 batch id 1201 loss 0.010650589130818844 train acc 0.9972028517901749
epoch 96 batch id 1401 loss 0.0056421225890517235 train acc 0.9970445217701641
epoch 96 batch id 1601 loss 4.728883504867554e-05 train acc 0.9969745471580262
epoch 96 batch id 1801 loss 3.701820969581604e-05 train acc 0.9969981954469739
epoch 96 batch id 2001 loss 4.540756344795227e-05 train acc 0.9970171164417791
epoch 96 batch id 2201 loss 0.014224113896489143 train acc 0.99694741026806
epoch 96 train acc 0.9968936646757679
epoch 96 test acc 0.8968390345268542
EPOCH: 96 | TIME: 2020-05-30 12:05:13.304624 
epoch 97 batch id 1 loss 0.05484716221690178 train acc 0.984375
epoch 97 batch id 201 loss 0.02001926675438881 train acc 0.9965796019900498
epoch 97 batch id 401 loss 0.011555145494639874 train acc 0.9971945137157108
epoch 97 batch id 601 loss 5.211681127548218e-05 train acc 0.9971921797004991
epoch 97 batch id 801 loss 0.0023190099745988846 train acc 0.9971129837702871
