$ cat train.out
Start Preprocessing
using cached model
using cached model
using cached model
Finish Preprocessing
Start Training
EPOCH: 0 | TIME: 2020-05-25 19:20:40.064151
epoch 1 batch id 1 loss 0.7331792712211609 train acc 0.4375
epoch 1 batch id 201 loss 0.5046819448471069 train acc 0.5516946517412935
epoch 1 batch id 401 loss 0.5056959390640259 train acc 0.6588216957605985
epoch 1 batch id 601 loss 0.4480869174003601 train acc 0.7133683444259568
epoch 1 batch id 801 loss 0.410184383392334 train acc 0.744440543071161
epoch 1 batch id 1001 loss 0.29454129934310913 train acc 0.7638143106893107
epoch 1 batch id 1201 loss 0.2979344129562378 train acc 0.7787650915903414
epoch 1 batch id 1401 loss 0.3759860098361969 train acc 0.7888561741613134
epoch 1 batch id 1601 loss 0.44711416959762573 train acc 0.7977045596502186
epoch 1 batch id 1801 loss 0.23524397611618042 train acc 0.8047265408106608
epoch 1 batch id 2001 loss 0.3410520851612091 train acc 0.811289667666167
epoch 1 batch id 2201 loss 0.27963685989379883 train acc 0.8165393571104044
epoch 1 train acc 0.8204147113196815
epoch 1 test acc 0.8807944373401535
EPOCH: 1 | TIME: 2020-05-25 19:31:59.361448
epoch 2 batch id 1 loss 0.4458892047405243 train acc 0.828125
epoch 2 batch id 201 loss 0.22226759791374207 train acc 0.8752332089552238
epoch 2 batch id 401 loss 0.36006224155426025 train acc 0.87803927680798
epoch 2 batch id 601 loss 0.38696321845054626 train acc 0.8833714642262895
epoch 2 batch id 801 loss 0.35750794410705566 train acc 0.8856507490636704
epoch 2 batch id 1001 loss 0.2571934461593628 train acc 0.8883772477522478
epoch 2 batch id 1201 loss 0.18029944598674774 train acc 0.8908331598667777
epoch 2 batch id 1401 loss 0.2752780318260193 train acc 0.8932235902926481
epoch 2 batch id 1601 loss 0.3432072103023529 train acc 0.8954364459712679
epoch 2 batch id 1801 loss 0.14500056207180023 train acc 0.8975916157690172
epoch 2 batch id 2001 loss 0.22232894599437714 train acc 0.8997454397801099
epoch 2 batch id 2201 loss 0.23389945924282074 train acc 0.9012664697864607
epoch 2 train acc 0.902501510949943
epoch 2 test acc 0.8882872442455243
EPOCH: 2 | TIME: 2020-05-25 19:43:18.220321
epoch 3 batch id 1 loss 0.38221460580825806 train acc 0.875
epoch 3 batch id 201 loss 0.09608393162488937 train acc 0.9213308457711443
epoch 3 batch id 401 loss 0.20605137944221497 train acc 0.9228880922693267
epoch 3 batch id 601 loss 0.28750401735305786 train acc 0.9261387271214643
epoch 3 batch id 801 loss 0.2707439064979553 train acc 0.92729790886392
epoch 3 batch id 1001 loss 0.1568271964788437 train acc 0.9292426323676324
epoch 3 batch id 1201 loss 0.14915898442268372 train acc 0.9315544338051623
epoch 3 batch id 1401 loss 0.14769281446933746 train acc 0.932994289793005
epoch 3 batch id 1601 loss 0.17937102913856506 train acc 0.9343281542785759
epoch 3 batch id 1801 loss 0.09285975992679596 train acc 0.9359643947806774
epoch 3 batch id 2001 loss 0.13754138350486755 train acc 0.9373282108945528
epoch 3 batch id 2201 loss 0.16037455201148987 train acc 0.9381247160381645
epoch 3 train acc 0.9390042839874857
epoch 3 test acc 0.8911245204603581
EPOCH: 3 | TIME: 2020-05-25 19:54:37.778940
epoch 4 batch id 1 loss 0.3506503403186798 train acc 0.875
epoch 4 batch id 201 loss 0.05149158090353012 train acc 0.951181592039801
epoch 4 batch id 401 loss 0.06689517945051193 train acc 0.9517612219451371
epoch 4 batch id 601 loss 0.1318318247795105 train acc 0.9538009567387687
epoch 4 batch id 801 loss 0.2191285789012909 train acc 0.955036672908864
epoch 4 batch id 1001 loss 0.08986911177635193 train acc 0.956481018981019
epoch 4 batch id 1201 loss 0.1417628973722458 train acc 0.9578606369691923
epoch 4 batch id 1401 loss 0.12758588790893555 train acc 0.9582218058529621
epoch 4 batch id 1601 loss 0.14346982538700104 train acc 0.9589611961274204
epoch 4 batch id 1801 loss 0.028480665758252144 train acc 0.9597272348695169
epoch 4 batch id 2001 loss 0.10868962109088898 train acc 0.9605509745127436
epoch 4 batch id 2201 loss 0.12096959352493286 train acc 0.9610972285324852
epoch 4 train acc 0.9618151841581342
epoch 4 test acc 0.8928428708439897
EPOCH: 4 | TIME: 2020-05-25 20:05:56.253380
epoch 5 batch id 1 loss 0.2860924005508423 train acc 0.921875
epoch 5 batch id 201 loss 0.04401281103491783 train acc 0.9703047263681592
epoch 5 batch id 401 loss 0.022285370156168938 train acc 0.9719061720698254
epoch 5 batch id 601 loss 0.13690510392189026 train acc 0.9722857737104825
epoch 5 batch id 801 loss 0.07467365264892578 train acc 0.9723197565543071
epoch 5 batch id 1001 loss 0.07176786661148071 train acc 0.9729801448551448
epoch 5 batch id 1201 loss 0.015095963142812252 train acc 0.973563696919234
epoch 5 batch id 1401 loss 0.107915960252285 train acc 0.9734006959314775
epoch 5 batch id 1601 loss 0.14679408073425293 train acc 0.9738151936289818
epoch 5 batch id 1801 loss 0.046742722392082214 train acc 0.974415255413659
epoch 5 batch id 2001 loss 0.0801888257265091 train acc 0.9747704272863568
epoch 5 batch id 2201 loss 0.08616290241479874 train acc 0.9750113584734211
epoch 5 train acc 0.975404845705347
epoch 5 test acc 0.8934622762148338